This file contains any messages produced by compilers while
running configure, to aid debugging if configure makes a mistake.

It was created by cifs-utils configure 5.2.1, which was
generated by GNU Autoconf 2.68.  Invocation command line was

  $ ./configure --no-create --no-recursion

## --------- ##
## Platform. ##
## --------- ##

hostname = afsc-asrcmsf1.asrcfh.local
uname -m = x86_64
uname -r = 2.6.32-358.18.1.el6.x86_64
uname -s = Linux
uname -v = #1 SMP Wed Aug 28 17:19:38 UTC 2013

/usr/bin/uname -p = unknown
/bin/uname -X     = unknown

/bin/arch              = x86_64
/usr/bin/arch -k       = unknown
/usr/convex/getsysinfo = unknown
/usr/bin/hostinfo      = unknown
/bin/machine           = unknown
/usr/bin/oslevel       = unknown
/bin/universe          = unknown

PATH: /usr/lib64/qt-3.3/bin
PATH: /usr/local/sbin
PATH: /usr/local/bin
PATH: /sbin
PATH: /bin
PATH: /usr/sbin
PATH: /usr/bin
PATH: /root/bin


## ----------- ##
## Core tests. ##
## ----------- ##

configure:2260: checking for a BSD-compatible install
configure:2328: result: /usr/bin/install -c
configure:2339: checking whether build environment is sane
configure:2389: result: yes
configure:2530: checking for a thread-safe mkdir -p
configure:2569: result: /bin/mkdir -p
configure:2582: checking for gawk
configure:2598: found /bin/gawk
configure:2609: result: gawk
configure:2620: checking whether make sets $(MAKE)
configure:2642: result: yes
configure:2805: checking for gcc
configure:2821: found /usr/bin/gcc
configure:2832: result: gcc
configure:3061: checking for C compiler version
configure:3070: gcc --version >&5
gcc (GCC) 4.4.7 20120313 (Red Hat 4.4.7-3)
Copyright (C) 2010 Free Software Foundation, Inc.
This is free software; see the source for copying conditions.  There is NO
warranty; not even for MERCHANTABILITY or FITNESS FOR A PARTICULAR PURPOSE.

configure:3081: $? = 0
configure:3070: gcc -v >&5
Using built-in specs.
Target: x86_64-redhat-linux
Configured with: ../configure --prefix=/usr --mandir=/usr/share/man --infodir=/usr/share/info --with-bugurl=http://bugzilla.redhat.com/bugzilla --enable-bootstrap --enable-shared --enable-threads=posix --enable-checking=release --with-system-zlib --enable-__cxa_atexit --disable-libunwind-exceptions --enable-gnu-unique-object --enable-languages=c,c++,objc,obj-c++,java,fortran,ada --enable-java-awt=gtk --disable-dssi --with-java-home=/usr/lib/jvm/java-1.5.0-gcj-1.5.0.0/jre --enable-libgcj-multifile --enable-java-maintainer-mode --with-ecj-jar=/usr/share/java/eclipse-ecj.jar --disable-libjava-multilib --with-ppl --with-cloog --with-tune=generic --with-arch_32=i686 --build=x86_64-redhat-linux
Thread model: posix
gcc version 4.4.7 20120313 (Red Hat 4.4.7-3) (GCC) 
configure:3081: $? = 0
configure:3070: gcc -V >&5
gcc: '-V' option must have argument
configure:3081: $? = 1
configure:3070: gcc -qversion >&5
gcc: unrecognized option '-qversion'
gcc: no input files
configure:3081: $? = 1
configure:3101: checking whether the C compiler works
configure:3123: gcc    conftest.c  >&5
configure:3127: $? = 0
configure:3175: result: yes
configure:3178: checking for C compiler default output file name
configure:3180: result: a.out
configure:3186: checking for suffix of executables
configure:3193: gcc -o conftest    conftest.c  >&5
configure:3197: $? = 0
configure:3219: result: 
configure:3241: checking whether we are cross compiling
configure:3249: gcc -o conftest    conftest.c  >&5
configure:3253: $? = 0
configure:3260: ./conftest
configure:3264: $? = 0
configure:3279: result: no
configure:3284: checking for suffix of object files
configure:3306: gcc -c   conftest.c >&5
configure:3310: $? = 0
configure:3331: result: o
configure:3335: checking whether we are using the GNU C compiler
configure:3354: gcc -c   conftest.c >&5
configure:3354: $? = 0
configure:3363: result: yes
configure:3372: checking whether gcc accepts -g
configure:3392: gcc -c -g  conftest.c >&5
configure:3392: $? = 0
configure:3433: result: yes
configure:3450: checking for gcc option to accept ISO C89
configure:3514: gcc  -c -g -O2  conftest.c >&5
configure:3514: $? = 0
configure:3527: result: none needed
configure:3558: checking for style of include used by make
configure:3586: result: GNU
configure:3611: checking dependency style of gcc
configure:3721: result: gcc3
configure:3736: checking for a sed that does not truncate output
configure:3800: result: /bin/sed
configure:3811: checking how to run the C preprocessor
configure:3842: gcc -E  conftest.c
configure:3842: $? = 0
configure:3856: gcc -E  conftest.c
conftest.c:11:28: error: ac_nonexistent.h: No such file or directory
configure:3856: $? = 1
configure: failed program was:
| /* confdefs.h */
| #define PACKAGE_NAME "cifs-utils"
| #define PACKAGE_TARNAME "cifs-utils"
| #define PACKAGE_VERSION "5.2.1"
| #define PACKAGE_STRING "cifs-utils 5.2.1"
| #define PACKAGE_BUGREPORT "cifs-utils@samba.org"
| #define PACKAGE_URL "http://linux-cifs.samba.org/cifs-utils/"
| #define PACKAGE "cifs-utils"
| #define VERSION "5.2.1"
| /* end confdefs.h.  */
| #include <ac_nonexistent.h>
configure:3881: result: gcc -E
configure:3901: gcc -E  conftest.c
configure:3901: $? = 0
configure:3915: gcc -E  conftest.c
conftest.c:11:28: error: ac_nonexistent.h: No such file or directory
configure:3915: $? = 1
configure: failed program was:
| /* confdefs.h */
| #define PACKAGE_NAME "cifs-utils"
| #define PACKAGE_TARNAME "cifs-utils"
| #define PACKAGE_VERSION "5.2.1"
| #define PACKAGE_STRING "cifs-utils 5.2.1"
| #define PACKAGE_BUGREPORT "cifs-utils@samba.org"
| #define PACKAGE_URL "http://linux-cifs.samba.org/cifs-utils/"
| #define PACKAGE "cifs-utils"
| #define VERSION "5.2.1"
| /* end confdefs.h.  */
| #include <ac_nonexistent.h>
configure:3944: checking for grep that handles long lines and -e
configure:4002: result: /bin/grep
configure:4007: checking for egrep
configure:4069: result: /bin/grep -E
configure:4074: checking for ANSI C header files
configure:4094: gcc -c -g -O2  conftest.c >&5
configure:4094: $? = 0
configure:4167: gcc -o conftest -g -O2   conftest.c  >&5
configure:4167: $? = 0
configure:4167: ./conftest
configure:4167: $? = 0
configure:4178: result: yes
configure:4191: checking for sys/types.h
configure:4191: gcc -c -g -O2  conftest.c >&5
configure:4191: $? = 0
configure:4191: result: yes
configure:4191: checking for sys/stat.h
configure:4191: gcc -c -g -O2  conftest.c >&5
configure:4191: $? = 0
configure:4191: result: yes
configure:4191: checking for stdlib.h
configure:4191: gcc -c -g -O2  conftest.c >&5
configure:4191: $? = 0
configure:4191: result: yes
configure:4191: checking for string.h
configure:4191: gcc -c -g -O2  conftest.c >&5
configure:4191: $? = 0
configure:4191: result: yes
configure:4191: checking for memory.h
configure:4191: gcc -c -g -O2  conftest.c >&5
configure:4191: $? = 0
configure:4191: result: yes
configure:4191: checking for strings.h
configure:4191: gcc -c -g -O2  conftest.c >&5
configure:4191: $? = 0
configure:4191: result: yes
configure:4191: checking for inttypes.h
configure:4191: gcc -c -g -O2  conftest.c >&5
configure:4191: $? = 0
configure:4191: result: yes
configure:4191: checking for stdint.h
configure:4191: gcc -c -g -O2  conftest.c >&5
configure:4191: $? = 0
configure:4191: result: yes
configure:4191: checking for unistd.h
configure:4191: gcc -c -g -O2  conftest.c >&5
configure:4191: $? = 0
configure:4191: result: yes
configure:4204: checking minix/config.h usability
configure:4204: gcc -c -g -O2  conftest.c >&5
conftest.c:54:26: error: minix/config.h: No such file or directory
configure:4204: $? = 1
configure: failed program was:
| /* confdefs.h */
| #define PACKAGE_NAME "cifs-utils"
| #define PACKAGE_TARNAME "cifs-utils"
| #define PACKAGE_VERSION "5.2.1"
| #define PACKAGE_STRING "cifs-utils 5.2.1"
| #define PACKAGE_BUGREPORT "cifs-utils@samba.org"
| #define PACKAGE_URL "http://linux-cifs.samba.org/cifs-utils/"
| #define PACKAGE "cifs-utils"
| #define VERSION "5.2.1"
| #define STDC_HEADERS 1
| #define HAVE_SYS_TYPES_H 1
| #define HAVE_SYS_STAT_H 1
| #define HAVE_STDLIB_H 1
| #define HAVE_STRING_H 1
| #define HAVE_MEMORY_H 1
| #define HAVE_STRINGS_H 1
| #define HAVE_INTTYPES_H 1
| #define HAVE_STDINT_H 1
| #define HAVE_UNISTD_H 1
| /* end confdefs.h.  */
| #include <stdio.h>
| #ifdef HAVE_SYS_TYPES_H
| # include <sys/types.h>
| #endif
| #ifdef HAVE_SYS_STAT_H
| # include <sys/stat.h>
| #endif
| #ifdef STDC_HEADERS
| # include <stdlib.h>
| # include <stddef.h>
| #else
| # ifdef HAVE_STDLIB_H
| #  include <stdlib.h>
| # endif
| #endif
| #ifdef HAVE_STRING_H
| # if !defined STDC_HEADERS && defined HAVE_MEMORY_H
| #  include <memory.h>
| # endif
| # include <string.h>
| #endif
| #ifdef HAVE_STRINGS_H
| # include <strings.h>
| #endif
| #ifdef HAVE_INTTYPES_H
| # include <inttypes.h>
| #endif
| #ifdef HAVE_STDINT_H
| # include <stdint.h>
| #endif
| #ifdef HAVE_UNISTD_H
| # include <unistd.h>
| #endif
| #include <minix/config.h>
configure:4204: result: no
configure:4204: checking minix/config.h presence
configure:4204: gcc -E  conftest.c
conftest.c:21:26: error: minix/config.h: No such file or directory
configure:4204: $? = 1
configure: failed program was:
| /* confdefs.h */
| #define PACKAGE_NAME "cifs-utils"
| #define PACKAGE_TARNAME "cifs-utils"
| #define PACKAGE_VERSION "5.2.1"
| #define PACKAGE_STRING "cifs-utils 5.2.1"
| #define PACKAGE_BUGREPORT "cifs-utils@samba.org"
| #define PACKAGE_URL "http://linux-cifs.samba.org/cifs-utils/"
| #define PACKAGE "cifs-utils"
| #define VERSION "5.2.1"
| #define STDC_HEADERS 1
| #define HAVE_SYS_TYPES_H 1
| #define HAVE_SYS_STAT_H 1
| #define HAVE_STDLIB_H 1
| #define HAVE_STRING_H 1
| #define HAVE_MEMORY_H 1
| #define HAVE_STRINGS_H 1
| #define HAVE_INTTYPES_H 1
| #define HAVE_STDINT_H 1
| #define HAVE_UNISTD_H 1
| /* end confdefs.h.  */
| #include <minix/config.h>
configure:4204: result: no
configure:4204: checking for minix/config.h
configure:4204: result: no
configure:4225: checking whether it is safe to define __EXTENSIONS__
configure:4243: gcc -c -g -O2  conftest.c >&5
configure:4243: $? = 0
configure:4250: result: yes
configure:4267: checking for stdbool.h that conforms to C99
configure:4334: gcc -c -g -O2  conftest.c >&5
configure:4334: $? = 0
configure:4341: result: yes
configure:4343: checking for _Bool
configure:4343: gcc -c -g -O2  conftest.c >&5
configure:4343: $? = 0
configure:4343: gcc -c -g -O2  conftest.c >&5
conftest.c: In function 'main':
conftest.c:62: error: expected expression before ')' token
configure:4343: $? = 1
configure: failed program was:
| /* confdefs.h */
| #define PACKAGE_NAME "cifs-utils"
| #define PACKAGE_TARNAME "cifs-utils"
| #define PACKAGE_VERSION "5.2.1"
| #define PACKAGE_STRING "cifs-utils 5.2.1"
| #define PACKAGE_BUGREPORT "cifs-utils@samba.org"
| #define PACKAGE_URL "http://linux-cifs.samba.org/cifs-utils/"
| #define PACKAGE "cifs-utils"
| #define VERSION "5.2.1"
| #define STDC_HEADERS 1
| #define HAVE_SYS_TYPES_H 1
| #define HAVE_SYS_STAT_H 1
| #define HAVE_STDLIB_H 1
| #define HAVE_STRING_H 1
| #define HAVE_MEMORY_H 1
| #define HAVE_STRINGS_H 1
| #define HAVE_INTTYPES_H 1
| #define HAVE_STDINT_H 1
| #define HAVE_UNISTD_H 1
| #define __EXTENSIONS__ 1
| #define _ALL_SOURCE 1
| #define _GNU_SOURCE 1
| #define _POSIX_PTHREAD_SEMANTICS 1
| #define _TANDEM_SOURCE 1
| /* end confdefs.h.  */
| #include <stdio.h>
| #ifdef HAVE_SYS_TYPES_H
| # include <sys/types.h>
| #endif
| #ifdef HAVE_SYS_STAT_H
| # include <sys/stat.h>
| #endif
| #ifdef STDC_HEADERS
| # include <stdlib.h>
| # include <stddef.h>
| #else
| # ifdef HAVE_STDLIB_H
| #  include <stdlib.h>
| # endif
| #endif
| #ifdef HAVE_STRING_H
| # if !defined STDC_HEADERS && defined HAVE_MEMORY_H
| #  include <memory.h>
| # endif
| # include <string.h>
| #endif
| #ifdef HAVE_STRINGS_H
| # include <strings.h>
| #endif
| #ifdef HAVE_INTTYPES_H
| # include <inttypes.h>
| #endif
| #ifdef HAVE_STDINT_H
| # include <stdint.h>
| #endif
| #ifdef HAVE_UNISTD_H
| # include <unistd.h>
| #endif
| int
| main ()
| {
| if (sizeof ((_Bool)))
| 	    return 0;
|   ;
|   return 0;
| }
configure:4343: result: yes
configure:4359: checking for uid_t in sys/types.h
configure:4378: result: yes
configure:4389: checking for off_t
configure:4389: gcc -c -g -O2  conftest.c >&5
configure:4389: $? = 0
configure:4389: gcc -c -g -O2  conftest.c >&5
conftest.c: In function 'main':
conftest.c:64: error: expected expression before ')' token
configure:4389: $? = 1
configure: failed program was:
| /* confdefs.h */
| #define PACKAGE_NAME "cifs-utils"
| #define PACKAGE_TARNAME "cifs-utils"
| #define PACKAGE_VERSION "5.2.1"
| #define PACKAGE_STRING "cifs-utils 5.2.1"
| #define PACKAGE_BUGREPORT "cifs-utils@samba.org"
| #define PACKAGE_URL "http://linux-cifs.samba.org/cifs-utils/"
| #define PACKAGE "cifs-utils"
| #define VERSION "5.2.1"
| #define STDC_HEADERS 1
| #define HAVE_SYS_TYPES_H 1
| #define HAVE_SYS_STAT_H 1
| #define HAVE_STDLIB_H 1
| #define HAVE_STRING_H 1
| #define HAVE_MEMORY_H 1
| #define HAVE_STRINGS_H 1
| #define HAVE_INTTYPES_H 1
| #define HAVE_STDINT_H 1
| #define HAVE_UNISTD_H 1
| #define __EXTENSIONS__ 1
| #define _ALL_SOURCE 1
| #define _GNU_SOURCE 1
| #define _POSIX_PTHREAD_SEMANTICS 1
| #define _TANDEM_SOURCE 1
| #define HAVE__BOOL 1
| #define HAVE_STDBOOL_H 1
| /* end confdefs.h.  */
| #include <stdio.h>
| #ifdef HAVE_SYS_TYPES_H
| # include <sys/types.h>
| #endif
| #ifdef HAVE_SYS_STAT_H
| # include <sys/stat.h>
| #endif
| #ifdef STDC_HEADERS
| # include <stdlib.h>
| # include <stddef.h>
| #else
| # ifdef HAVE_STDLIB_H
| #  include <stdlib.h>
| # endif
| #endif
| #ifdef HAVE_STRING_H
| # if !defined STDC_HEADERS && defined HAVE_MEMORY_H
| #  include <memory.h>
| # endif
| # include <string.h>
| #endif
| #ifdef HAVE_STRINGS_H
| # include <strings.h>
| #endif
| #ifdef HAVE_INTTYPES_H
| # include <inttypes.h>
| #endif
| #ifdef HAVE_STDINT_H
| # include <stdint.h>
| #endif
| #ifdef HAVE_UNISTD_H
| # include <unistd.h>
| #endif
| int
| main ()
| {
| if (sizeof ((off_t)))
| 	    return 0;
|   ;
|   return 0;
| }
configure:4389: result: yes
configure:4400: checking for pid_t
configure:4400: gcc -c -g -O2  conftest.c >&5
configure:4400: $? = 0
configure:4400: gcc -c -g -O2  conftest.c >&5
conftest.c: In function 'main':
conftest.c:64: error: expected expression before ')' token
configure:4400: $? = 1
configure: failed program was:
| /* confdefs.h */
| #define PACKAGE_NAME "cifs-utils"
| #define PACKAGE_TARNAME "cifs-utils"
| #define PACKAGE_VERSION "5.2.1"
| #define PACKAGE_STRING "cifs-utils 5.2.1"
| #define PACKAGE_BUGREPORT "cifs-utils@samba.org"
| #define PACKAGE_URL "http://linux-cifs.samba.org/cifs-utils/"
| #define PACKAGE "cifs-utils"
| #define VERSION "5.2.1"
| #define STDC_HEADERS 1
| #define HAVE_SYS_TYPES_H 1
| #define HAVE_SYS_STAT_H 1
| #define HAVE_STDLIB_H 1
| #define HAVE_STRING_H 1
| #define HAVE_MEMORY_H 1
| #define HAVE_STRINGS_H 1
| #define HAVE_INTTYPES_H 1
| #define HAVE_STDINT_H 1
| #define HAVE_UNISTD_H 1
| #define __EXTENSIONS__ 1
| #define _ALL_SOURCE 1
| #define _GNU_SOURCE 1
| #define _POSIX_PTHREAD_SEMANTICS 1
| #define _TANDEM_SOURCE 1
| #define HAVE__BOOL 1
| #define HAVE_STDBOOL_H 1
| /* end confdefs.h.  */
| #include <stdio.h>
| #ifdef HAVE_SYS_TYPES_H
| # include <sys/types.h>
| #endif
| #ifdef HAVE_SYS_STAT_H
| # include <sys/stat.h>
| #endif
| #ifdef STDC_HEADERS
| # include <stdlib.h>
| # include <stddef.h>
| #else
| # ifdef HAVE_STDLIB_H
| #  include <stdlib.h>
| # endif
| #endif
| #ifdef HAVE_STRING_H
| # if !defined STDC_HEADERS && defined HAVE_MEMORY_H
| #  include <memory.h>
| # endif
| # include <string.h>
| #endif
| #ifdef HAVE_STRINGS_H
| # include <strings.h>
| #endif
| #ifdef HAVE_INTTYPES_H
| # include <inttypes.h>
| #endif
| #ifdef HAVE_STDINT_H
| # include <stdint.h>
| #endif
| #ifdef HAVE_UNISTD_H
| # include <unistd.h>
| #endif
| int
| main ()
| {
| if (sizeof ((pid_t)))
| 	    return 0;
|   ;
|   return 0;
| }
configure:4400: result: yes
configure:4411: checking for size_t
configure:4411: gcc -c -g -O2  conftest.c >&5
configure:4411: $? = 0
configure:4411: gcc -c -g -O2  conftest.c >&5
conftest.c: In function 'main':
conftest.c:64: error: expected expression before ')' token
configure:4411: $? = 1
configure: failed program was:
| /* confdefs.h */
| #define PACKAGE_NAME "cifs-utils"
| #define PACKAGE_TARNAME "cifs-utils"
| #define PACKAGE_VERSION "5.2.1"
| #define PACKAGE_STRING "cifs-utils 5.2.1"
| #define PACKAGE_BUGREPORT "cifs-utils@samba.org"
| #define PACKAGE_URL "http://linux-cifs.samba.org/cifs-utils/"
| #define PACKAGE "cifs-utils"
| #define VERSION "5.2.1"
| #define STDC_HEADERS 1
| #define HAVE_SYS_TYPES_H 1
| #define HAVE_SYS_STAT_H 1
| #define HAVE_STDLIB_H 1
| #define HAVE_STRING_H 1
| #define HAVE_MEMORY_H 1
| #define HAVE_STRINGS_H 1
| #define HAVE_INTTYPES_H 1
| #define HAVE_STDINT_H 1
| #define HAVE_UNISTD_H 1
| #define __EXTENSIONS__ 1
| #define _ALL_SOURCE 1
| #define _GNU_SOURCE 1
| #define _POSIX_PTHREAD_SEMANTICS 1
| #define _TANDEM_SOURCE 1
| #define HAVE__BOOL 1
| #define HAVE_STDBOOL_H 1
| /* end confdefs.h.  */
| #include <stdio.h>
| #ifdef HAVE_SYS_TYPES_H
| # include <sys/types.h>
| #endif
| #ifdef HAVE_SYS_STAT_H
| # include <sys/stat.h>
| #endif
| #ifdef STDC_HEADERS
| # include <stdlib.h>
| # include <stddef.h>
| #else
| # ifdef HAVE_STDLIB_H
| #  include <stdlib.h>
| # endif
| #endif
| #ifdef HAVE_STRING_H
| # if !defined STDC_HEADERS && defined HAVE_MEMORY_H
| #  include <memory.h>
| # endif
| # include <string.h>
| #endif
| #ifdef HAVE_STRINGS_H
| # include <strings.h>
| #endif
| #ifdef HAVE_INTTYPES_H
| # include <inttypes.h>
| #endif
| #ifdef HAVE_STDINT_H
| # include <stdint.h>
| #endif
| #ifdef HAVE_UNISTD_H
| # include <unistd.h>
| #endif
| int
| main ()
| {
| if (sizeof ((size_t)))
| 	    return 0;
|   ;
|   return 0;
| }
configure:4411: result: yes
configure:4422: checking for ptrdiff_t
configure:4422: gcc -c -g -O2  conftest.c >&5
configure:4422: $? = 0
configure:4422: gcc -c -g -O2  conftest.c >&5
conftest.c: In function 'main':
conftest.c:64: error: expected expression before ')' token
configure:4422: $? = 1
configure: failed program was:
| /* confdefs.h */
| #define PACKAGE_NAME "cifs-utils"
| #define PACKAGE_TARNAME "cifs-utils"
| #define PACKAGE_VERSION "5.2.1"
| #define PACKAGE_STRING "cifs-utils 5.2.1"
| #define PACKAGE_BUGREPORT "cifs-utils@samba.org"
| #define PACKAGE_URL "http://linux-cifs.samba.org/cifs-utils/"
| #define PACKAGE "cifs-utils"
| #define VERSION "5.2.1"
| #define STDC_HEADERS 1
| #define HAVE_SYS_TYPES_H 1
| #define HAVE_SYS_STAT_H 1
| #define HAVE_STDLIB_H 1
| #define HAVE_STRING_H 1
| #define HAVE_MEMORY_H 1
| #define HAVE_STRINGS_H 1
| #define HAVE_INTTYPES_H 1
| #define HAVE_STDINT_H 1
| #define HAVE_UNISTD_H 1
| #define __EXTENSIONS__ 1
| #define _ALL_SOURCE 1
| #define _GNU_SOURCE 1
| #define _POSIX_PTHREAD_SEMANTICS 1
| #define _TANDEM_SOURCE 1
| #define HAVE__BOOL 1
| #define HAVE_STDBOOL_H 1
| /* end confdefs.h.  */
| #include <stdio.h>
| #ifdef HAVE_SYS_TYPES_H
| # include <sys/types.h>
| #endif
| #ifdef HAVE_SYS_STAT_H
| # include <sys/stat.h>
| #endif
| #ifdef STDC_HEADERS
| # include <stdlib.h>
| # include <stddef.h>
| #else
| # ifdef HAVE_STDLIB_H
| #  include <stdlib.h>
| # endif
| #endif
| #ifdef HAVE_STRING_H
| # if !defined STDC_HEADERS && defined HAVE_MEMORY_H
| #  include <memory.h>
| # endif
| # include <string.h>
| #endif
| #ifdef HAVE_STRINGS_H
| # include <strings.h>
| #endif
| #ifdef HAVE_INTTYPES_H
| # include <inttypes.h>
| #endif
| #ifdef HAVE_STDINT_H
| # include <stdint.h>
| #endif
| #ifdef HAVE_UNISTD_H
| # include <unistd.h>
| #endif
| int
| main ()
| {
| if (sizeof ((ptrdiff_t)))
| 	    return 0;
|   ;
|   return 0;
| }
configure:4422: result: yes
configure:4431: checking for ssize_t
configure:4431: gcc -c -g -O2  conftest.c >&5
configure:4431: $? = 0
configure:4431: gcc -c -g -O2  conftest.c >&5
conftest.c: In function 'main':
conftest.c:65: error: expected expression before ')' token
configure:4431: $? = 1
configure: failed program was:
| /* confdefs.h */
| #define PACKAGE_NAME "cifs-utils"
| #define PACKAGE_TARNAME "cifs-utils"
| #define PACKAGE_VERSION "5.2.1"
| #define PACKAGE_STRING "cifs-utils 5.2.1"
| #define PACKAGE_BUGREPORT "cifs-utils@samba.org"
| #define PACKAGE_URL "http://linux-cifs.samba.org/cifs-utils/"
| #define PACKAGE "cifs-utils"
| #define VERSION "5.2.1"
| #define STDC_HEADERS 1
| #define HAVE_SYS_TYPES_H 1
| #define HAVE_SYS_STAT_H 1
| #define HAVE_STDLIB_H 1
| #define HAVE_STRING_H 1
| #define HAVE_MEMORY_H 1
| #define HAVE_STRINGS_H 1
| #define HAVE_INTTYPES_H 1
| #define HAVE_STDINT_H 1
| #define HAVE_UNISTD_H 1
| #define __EXTENSIONS__ 1
| #define _ALL_SOURCE 1
| #define _GNU_SOURCE 1
| #define _POSIX_PTHREAD_SEMANTICS 1
| #define _TANDEM_SOURCE 1
| #define HAVE__BOOL 1
| #define HAVE_STDBOOL_H 1
| #define HAVE_PTRDIFF_T 1
| /* end confdefs.h.  */
| #include <stdio.h>
| #ifdef HAVE_SYS_TYPES_H
| # include <sys/types.h>
| #endif
| #ifdef HAVE_SYS_STAT_H
| # include <sys/stat.h>
| #endif
| #ifdef STDC_HEADERS
| # include <stdlib.h>
| # include <stddef.h>
| #else
| # ifdef HAVE_STDLIB_H
| #  include <stdlib.h>
| # endif
| #endif
| #ifdef HAVE_STRING_H
| # if !defined STDC_HEADERS && defined HAVE_MEMORY_H
| #  include <memory.h>
| # endif
| # include <string.h>
| #endif
| #ifdef HAVE_STRINGS_H
| # include <strings.h>
| #endif
| #ifdef HAVE_INTTYPES_H
| # include <inttypes.h>
| #endif
| #ifdef HAVE_STDINT_H
| # include <stdint.h>
| #endif
| #ifdef HAVE_UNISTD_H
| # include <unistd.h>
| #endif
| int
| main ()
| {
| if (sizeof ((ssize_t)))
| 	    return 0;
|   ;
|   return 0;
| }
configure:4431: result: yes
configure:4440: checking for uint32_t
configure:4440: gcc -c -g -O2  conftest.c >&5
configure:4440: $? = 0
configure:4440: gcc -c -g -O2  conftest.c >&5
conftest.c: In function 'main':
conftest.c:66: error: expected expression before ')' token
configure:4440: $? = 1
configure: failed program was:
| /* confdefs.h */
| #define PACKAGE_NAME "cifs-utils"
| #define PACKAGE_TARNAME "cifs-utils"
| #define PACKAGE_VERSION "5.2.1"
| #define PACKAGE_STRING "cifs-utils 5.2.1"
| #define PACKAGE_BUGREPORT "cifs-utils@samba.org"
| #define PACKAGE_URL "http://linux-cifs.samba.org/cifs-utils/"
| #define PACKAGE "cifs-utils"
| #define VERSION "5.2.1"
| #define STDC_HEADERS 1
| #define HAVE_SYS_TYPES_H 1
| #define HAVE_SYS_STAT_H 1
| #define HAVE_STDLIB_H 1
| #define HAVE_STRING_H 1
| #define HAVE_MEMORY_H 1
| #define HAVE_STRINGS_H 1
| #define HAVE_INTTYPES_H 1
| #define HAVE_STDINT_H 1
| #define HAVE_UNISTD_H 1
| #define __EXTENSIONS__ 1
| #define _ALL_SOURCE 1
| #define _GNU_SOURCE 1
| #define _POSIX_PTHREAD_SEMANTICS 1
| #define _TANDEM_SOURCE 1
| #define HAVE__BOOL 1
| #define HAVE_STDBOOL_H 1
| #define HAVE_PTRDIFF_T 1
| #define HAVE_SSIZE_T 1
| /* end confdefs.h.  */
| #include <stdio.h>
| #ifdef HAVE_SYS_TYPES_H
| # include <sys/types.h>
| #endif
| #ifdef HAVE_SYS_STAT_H
| # include <sys/stat.h>
| #endif
| #ifdef STDC_HEADERS
| # include <stdlib.h>
| # include <stddef.h>
| #else
| # ifdef HAVE_STDLIB_H
| #  include <stdlib.h>
| # endif
| #endif
| #ifdef HAVE_STRING_H
| # if !defined STDC_HEADERS && defined HAVE_MEMORY_H
| #  include <memory.h>
| # endif
| # include <string.h>
| #endif
| #ifdef HAVE_STRINGS_H
| # include <strings.h>
| #endif
| #ifdef HAVE_INTTYPES_H
| # include <inttypes.h>
| #endif
| #ifdef HAVE_STDINT_H
| # include <stdint.h>
| #endif
| #ifdef HAVE_UNISTD_H
| # include <unistd.h>
| #endif
| int
| main ()
| {
| if (sizeof ((uint32_t)))
| 	    return 0;
|   ;
|   return 0;
| }
configure:4440: result: yes
configure:4449: checking for uint8_t
configure:4449: gcc -c -g -O2  conftest.c >&5
configure:4449: $? = 0
configure:4449: gcc -c -g -O2  conftest.c >&5
conftest.c: In function 'main':
conftest.c:67: error: expected expression before ')' token
configure:4449: $? = 1
configure: failed program was:
| /* confdefs.h */
| #define PACKAGE_NAME "cifs-utils"
| #define PACKAGE_TARNAME "cifs-utils"
| #define PACKAGE_VERSION "5.2.1"
| #define PACKAGE_STRING "cifs-utils 5.2.1"
| #define PACKAGE_BUGREPORT "cifs-utils@samba.org"
| #define PACKAGE_URL "http://linux-cifs.samba.org/cifs-utils/"
| #define PACKAGE "cifs-utils"
| #define VERSION "5.2.1"
| #define STDC_HEADERS 1
| #define HAVE_SYS_TYPES_H 1
| #define HAVE_SYS_STAT_H 1
| #define HAVE_STDLIB_H 1
| #define HAVE_STRING_H 1
| #define HAVE_MEMORY_H 1
| #define HAVE_STRINGS_H 1
| #define HAVE_INTTYPES_H 1
| #define HAVE_STDINT_H 1
| #define HAVE_UNISTD_H 1
| #define __EXTENSIONS__ 1
| #define _ALL_SOURCE 1
| #define _GNU_SOURCE 1
| #define _POSIX_PTHREAD_SEMANTICS 1
| #define _TANDEM_SOURCE 1
| #define HAVE__BOOL 1
| #define HAVE_STDBOOL_H 1
| #define HAVE_PTRDIFF_T 1
| #define HAVE_SSIZE_T 1
| #define HAVE_UINT32_T 1
| /* end confdefs.h.  */
| #include <stdio.h>
| #ifdef HAVE_SYS_TYPES_H
| # include <sys/types.h>
| #endif
| #ifdef HAVE_SYS_STAT_H
| # include <sys/stat.h>
| #endif
| #ifdef STDC_HEADERS
| # include <stdlib.h>
| # include <stddef.h>
| #else
| # ifdef HAVE_STDLIB_H
| #  include <stdlib.h>
| # endif
| #endif
| #ifdef HAVE_STRING_H
| # if !defined STDC_HEADERS && defined HAVE_MEMORY_H
| #  include <memory.h>
| # endif
| # include <string.h>
| #endif
| #ifdef HAVE_STRINGS_H
| # include <strings.h>
| #endif
| #ifdef HAVE_INTTYPES_H
| # include <inttypes.h>
| #endif
| #ifdef HAVE_STDINT_H
| # include <stdint.h>
| #endif
| #ifdef HAVE_UNISTD_H
| # include <unistd.h>
| #endif
| int
| main ()
| {
| if (sizeof ((uint8_t)))
| 	    return 0;
|   ;
|   return 0;
| }
configure:4449: result: yes
configure:4463: checking for library containing getmntent
configure:4494: gcc -o conftest -g -O2   conftest.c  >&5
configure:4494: $? = 0
configure:4511: result: none required
configure:4525: checking whether lstat correctly handles trailing slash
configure:4551: gcc -o conftest -g -O2   conftest.c  >&5
configure:4551: $? = 0
configure:4551: ./conftest
configure:4551: $? = 0
configure:4568: result: yes
configure:4589: checking for stdlib.h
configure:4589: result: yes
configure:4599: checking for GNU libc compatible malloc
configure:4623: gcc -o conftest -g -O2   conftest.c  >&5
configure:4623: $? = 0
configure:4623: ./conftest
configure:4623: $? = 0
configure:4633: result: yes
configure:4656: checking for stdlib.h
configure:4656: result: yes
configure:4666: checking for GNU libc compatible realloc
configure:4690: gcc -o conftest -g -O2   conftest.c  >&5
configure:4690: $? = 0
configure:4690: ./conftest
configure:4690: $? = 0
configure:4700: result: yes
configure:4725: checking build system type
configure:4739: result: x86_64-unknown-linux-gnu
configure:4759: checking host system type
configure:4772: result: x86_64-unknown-linux-gnu
configure:4792: checking for working strnlen
configure:4830: gcc -o conftest -g -O2   conftest.c  >&5
configure:4830: $? = 0
configure:4830: ./conftest
configure:4830: $? = 0
configure:4840: result: yes
configure:4854: checking for alarm
configure:4854: gcc -o conftest -g -O2   conftest.c  >&5
configure:4854: $? = 0
configure:4854: result: yes
configure:4854: checking for atexit
configure:4854: gcc -o conftest -g -O2   conftest.c  >&5
configure:4854: $? = 0
configure:4854: result: yes
configure:4854: checking for endpwent
configure:4854: gcc -o conftest -g -O2   conftest.c  >&5
configure:4854: $? = 0
configure:4854: result: yes
configure:4854: checking for getmntent
configure:4854: result: yes
configure:4854: checking for getpass
configure:4854: gcc -o conftest -g -O2   conftest.c  >&5
configure:4854: $? = 0
configure:4854: result: yes
configure:4854: checking for gettimeofday
configure:4854: gcc -o conftest -g -O2   conftest.c  >&5
configure:4854: $? = 0
configure:4854: result: yes
configure:4854: checking for inet_ntop
configure:4854: gcc -o conftest -g -O2   conftest.c  >&5
configure:4854: $? = 0
configure:4854: result: yes
configure:4854: checking for memset
configure:4854: gcc -o conftest -g -O2   conftest.c  >&5
conftest.c:68: warning: conflicting types for built-in function 'memset'
configure:4854: $? = 0
configure:4854: result: yes
configure:4854: checking for realpath
configure:4854: gcc -o conftest -g -O2   conftest.c  >&5
configure:4854: $? = 0
configure:4854: result: yes
configure:4854: checking for setenv
configure:4854: gcc -o conftest -g -O2   conftest.c  >&5
configure:4854: $? = 0
configure:4854: result: yes
configure:4854: checking for strchr
configure:4854: gcc -o conftest -g -O2   conftest.c  >&5
conftest.c:71: warning: conflicting types for built-in function 'strchr'
configure:4854: $? = 0
configure:4854: result: yes
configure:4854: checking for strcmp
configure:4854: gcc -o conftest -g -O2   conftest.c  >&5
conftest.c:72: warning: conflicting types for built-in function 'strcmp'
configure:4854: $? = 0
configure:4854: result: yes
configure:4854: checking for strdup
configure:4854: gcc -o conftest -g -O2   conftest.c  >&5
conftest.c:73: warning: conflicting types for built-in function 'strdup'
configure:4854: $? = 0
configure:4854: result: yes
configure:4854: checking for strerror
configure:4854: gcc -o conftest -g -O2   conftest.c  >&5
configure:4854: $? = 0
configure:4854: result: yes
configure:4854: checking for strncasecmp
configure:4854: gcc -o conftest -g -O2   conftest.c  >&5
conftest.c:75: warning: conflicting types for built-in function 'strncasecmp'
configure:4854: $? = 0
configure:4854: result: yes
configure:4854: checking for strndup
configure:4854: gcc -o conftest -g -O2   conftest.c  >&5
conftest.c:76: warning: conflicting types for built-in function 'strndup'
configure:4854: $? = 0
configure:4854: result: yes
configure:4854: checking for strpbrk
configure:4854: gcc -o conftest -g -O2   conftest.c  >&5
conftest.c:77: warning: conflicting types for built-in function 'strpbrk'
configure:4854: $? = 0
configure:4854: result: yes
configure:4854: checking for strrchr
configure:4854: gcc -o conftest -g -O2   conftest.c  >&5
conftest.c:78: warning: conflicting types for built-in function 'strrchr'
configure:4854: $? = 0
configure:4854: result: yes
configure:4854: checking for strstr
configure:4854: gcc -o conftest -g -O2   conftest.c  >&5
conftest.c:79: warning: conflicting types for built-in function 'strstr'
configure:4854: $? = 0
configure:4854: result: yes
configure:4854: checking for strtol
configure:4854: gcc -o conftest -g -O2   conftest.c  >&5
configure:4854: $? = 0
configure:4854: result: yes
configure:4854: checking for strtoul
configure:4854: gcc -o conftest -g -O2   conftest.c  >&5
configure:4854: $? = 0
configure:4854: result: yes
configure:4854: checking for tolower
configure:4854: gcc -o conftest -g -O2   conftest.c  >&5
conftest.c:82: warning: conflicting types for built-in function 'tolower'
configure:4854: $? = 0
configure:4854: result: yes
configure:4854: checking for uname
configure:4854: gcc -o conftest -g -O2   conftest.c  >&5
configure:4854: $? = 0
configure:4854: result: yes
configure:4868: checking for clock_gettime
configure:4868: gcc -o conftest -g -O2   conftest.c  >&5
/tmp/ccBXb6WH.o: In function `main':
/root/beta/cifsacl/conftest.c:95: undefined reference to `clock_gettime'
collect2: ld returned 1 exit status
configure:4868: $? = 1
configure: failed program was:
| /* confdefs.h */
| #define PACKAGE_NAME "cifs-utils"
| #define PACKAGE_TARNAME "cifs-utils"
| #define PACKAGE_VERSION "5.2.1"
| #define PACKAGE_STRING "cifs-utils 5.2.1"
| #define PACKAGE_BUGREPORT "cifs-utils@samba.org"
| #define PACKAGE_URL "http://linux-cifs.samba.org/cifs-utils/"
| #define PACKAGE "cifs-utils"
| #define VERSION "5.2.1"
| #define STDC_HEADERS 1
| #define HAVE_SYS_TYPES_H 1
| #define HAVE_SYS_STAT_H 1
| #define HAVE_STDLIB_H 1
| #define HAVE_STRING_H 1
| #define HAVE_MEMORY_H 1
| #define HAVE_STRINGS_H 1
| #define HAVE_INTTYPES_H 1
| #define HAVE_STDINT_H 1
| #define HAVE_UNISTD_H 1
| #define __EXTENSIONS__ 1
| #define _ALL_SOURCE 1
| #define _GNU_SOURCE 1
| #define _POSIX_PTHREAD_SEMANTICS 1
| #define _TANDEM_SOURCE 1
| #define HAVE__BOOL 1
| #define HAVE_STDBOOL_H 1
| #define HAVE_PTRDIFF_T 1
| #define HAVE_SSIZE_T 1
| #define HAVE_UINT32_T 1
| #define HAVE_UINT8_T 1
| #define HAVE_GETMNTENT 1
| #define LSTAT_FOLLOWS_SLASHED_SYMLINK 1
| #define HAVE_STDLIB_H 1
| #define HAVE_MALLOC 1
| #define HAVE_STDLIB_H 1
| #define HAVE_REALLOC 1
| #define HAVE_ALARM 1
| #define HAVE_ATEXIT 1
| #define HAVE_ENDPWENT 1
| #define HAVE_GETMNTENT 1
| #define HAVE_GETPASS 1
| #define HAVE_GETTIMEOFDAY 1
| #define HAVE_INET_NTOP 1
| #define HAVE_MEMSET 1
| #define HAVE_REALPATH 1
| #define HAVE_SETENV 1
| #define HAVE_STRCHR 1
| #define HAVE_STRCMP 1
| #define HAVE_STRDUP 1
| #define HAVE_STRERROR 1
| #define HAVE_STRNCASECMP 1
| #define HAVE_STRNDUP 1
| #define HAVE_STRPBRK 1
| #define HAVE_STRRCHR 1
| #define HAVE_STRSTR 1
| #define HAVE_STRTOL 1
| #define HAVE_STRTOUL 1
| #define HAVE_TOLOWER 1
| #define HAVE_UNAME 1
| /* end confdefs.h.  */
| /* Define clock_gettime to an innocuous variant, in case <limits.h> declares clock_gettime.
|    For example, HP-UX 11i <limits.h> declares gettimeofday.  */
| #define clock_gettime innocuous_clock_gettime
| 
| /* System header to define __stub macros and hopefully few prototypes,
|     which can conflict with char clock_gettime (); below.
|     Prefer <limits.h> to <assert.h> if __STDC__ is defined, since
|     <limits.h> exists even on freestanding compilers.  */
| 
| #ifdef __STDC__
| # include <limits.h>
| #else
| # include <assert.h>
| #endif
| 
| #undef clock_gettime
| 
| /* Override any GCC internal prototype to avoid an error.
|    Use char because int might match the return type of a GCC
|    builtin and then its argument prototype would still apply.  */
| #ifdef __cplusplus
| extern "C"
| #endif
| char clock_gettime ();
| /* The GNU C library defines this for functions which it implements
|     to always fail with ENOSYS.  Some functions are actually named
|     something starting with __ and the normal name is an alias.  */
| #if defined __stub_clock_gettime || defined __stub___clock_gettime
| choke me
| #endif
| 
| int
| main ()
| {
| return clock_gettime ();
|   ;
|   return 0;
| }
configure:4868: result: no
configure:4876: checking for clock_gettime in -lrt
configure:4901: gcc -o conftest -g -O2   conftest.c -lrt   >&5
configure:4901: $? = 0
configure:4910: result: yes
configure:4932: checking arpa/inet.h usability
configure:4932: gcc -c -g -O2  conftest.c >&5
configure:4932: $? = 0
configure:4932: result: yes
configure:4932: checking arpa/inet.h presence
configure:4932: gcc -E  conftest.c
configure:4932: $? = 0
configure:4932: result: yes
configure:4932: checking for arpa/inet.h
configure:4932: result: yes
configure:4932: checking ctype.h usability
configure:4932: gcc -c -g -O2  conftest.c >&5
configure:4932: $? = 0
configure:4932: result: yes
configure:4932: checking ctype.h presence
configure:4932: gcc -E  conftest.c
configure:4932: $? = 0
configure:4932: result: yes
configure:4932: checking for ctype.h
configure:4932: result: yes
configure:4932: checking fcntl.h usability
configure:4932: gcc -c -g -O2  conftest.c >&5
configure:4932: $? = 0
configure:4932: result: yes
configure:4932: checking fcntl.h presence
configure:4932: gcc -E  conftest.c
configure:4932: $? = 0
configure:4932: result: yes
configure:4932: checking for fcntl.h
configure:4932: result: yes
configure:4932: checking for inttypes.h
configure:4932: result: yes
configure:4932: checking limits.h usability
configure:4932: gcc -c -g -O2  conftest.c >&5
configure:4932: $? = 0
configure:4932: result: yes
configure:4932: checking limits.h presence
configure:4932: gcc -E  conftest.c
configure:4932: $? = 0
configure:4932: result: yes
configure:4932: checking for limits.h
configure:4932: result: yes
configure:4932: checking mntent.h usability
configure:4932: gcc -c -g -O2  conftest.c >&5
configure:4932: $? = 0
configure:4932: result: yes
configure:4932: checking mntent.h presence
configure:4932: gcc -E  conftest.c
configure:4932: $? = 0
configure:4932: result: yes
configure:4932: checking for mntent.h
configure:4932: result: yes
configure:4932: checking netdb.h usability
configure:4932: gcc -c -g -O2  conftest.c >&5
configure:4932: $? = 0
configure:4932: result: yes
configure:4932: checking netdb.h presence
configure:4932: gcc -E  conftest.c
configure:4932: $? = 0
configure:4932: result: yes
configure:4932: checking for netdb.h
configure:4932: result: yes
configure:4932: checking stddef.h usability
configure:4932: gcc -c -g -O2  conftest.c >&5
configure:4932: $? = 0
configure:4932: result: yes
configure:4932: checking stddef.h presence
configure:4932: gcc -E  conftest.c
configure:4932: $? = 0
configure:4932: result: yes
configure:4932: checking for stddef.h
configure:4932: result: yes
configure:4932: checking for stdint.h
configure:4932: result: yes
configure:4932: checking for stdbool.h
configure:4932: result: yes
configure:4932: checking for stdlib.h
configure:4932: result: yes
configure:4932: checking stdio.h usability
configure:4932: gcc -c -g -O2  conftest.c >&5
configure:4932: $? = 0
configure:4932: result: yes
configure:4932: checking stdio.h presence
configure:4932: gcc -E  conftest.c
configure:4932: $? = 0
configure:4932: result: yes
configure:4932: checking for stdio.h
configure:4932: result: yes
configure:4932: checking errno.h usability
configure:4932: gcc -c -g -O2  conftest.c >&5
configure:4932: $? = 0
configure:4932: result: yes
configure:4932: checking errno.h presence
configure:4932: gcc -E  conftest.c
configure:4932: $? = 0
configure:4932: result: yes
configure:4932: checking for errno.h
configure:4932: result: yes
configure:4932: checking for string.h
configure:4932: result: yes
configure:4932: checking for strings.h
configure:4932: result: yes
configure:4932: checking sys/mount.h usability
configure:4932: gcc -c -g -O2  conftest.c >&5
configure:4932: $? = 0
configure:4932: result: yes
configure:4932: checking sys/mount.h presence
configure:4932: gcc -E  conftest.c
configure:4932: $? = 0
configure:4932: result: yes
configure:4932: checking for sys/mount.h
configure:4932: result: yes
configure:4932: checking sys/param.h usability
configure:4932: gcc -c -g -O2  conftest.c >&5
configure:4932: $? = 0
configure:4932: result: yes
configure:4932: checking sys/param.h presence
configure:4932: gcc -E  conftest.c
configure:4932: $? = 0
configure:4932: result: yes
configure:4932: checking for sys/param.h
configure:4932: result: yes
configure:4932: checking sys/socket.h usability
configure:4932: gcc -c -g -O2  conftest.c >&5
configure:4932: $? = 0
configure:4932: result: yes
configure:4932: checking sys/socket.h presence
configure:4932: gcc -E  conftest.c
configure:4932: $? = 0
configure:4932: result: yes
configure:4932: checking for sys/socket.h
configure:4932: result: yes
configure:4932: checking sys/time.h usability
configure:4932: gcc -c -g -O2  conftest.c >&5
configure:4932: $? = 0
configure:4932: result: yes
configure:4932: checking sys/time.h presence
configure:4932: gcc -E  conftest.c
configure:4932: $? = 0
configure:4932: result: yes
configure:4932: checking for sys/time.h
configure:4932: result: yes
configure:4932: checking syslog.h usability
configure:4932: gcc -c -g -O2  conftest.c >&5
configure:4932: $? = 0
configure:4932: result: yes
configure:4932: checking syslog.h presence
configure:4932: gcc -E  conftest.c
configure:4932: $? = 0
configure:4932: result: yes
configure:4932: checking for syslog.h
configure:4932: result: yes
configure:4932: checking for unistd.h
configure:4932: result: yes
configure:4949: checking krb5.h usability
configure:4949: gcc -c -g -O2  conftest.c >&5
configure:4949: $? = 0
configure:4949: result: yes
configure:4949: checking krb5.h presence
configure:4949: gcc -E  conftest.c
configure:4949: $? = 0
configure:4949: result: yes
configure:4949: checking for krb5.h
configure:4949: result: yes
configure:4949: checking krb5/krb5.h usability
configure:4949: gcc -c -g -O2  conftest.c >&5
configure:4949: $? = 0
configure:4949: result: yes
configure:4949: checking krb5/krb5.h presence
configure:4949: gcc -E  conftest.c
configure:4949: $? = 0
configure:4949: result: yes
configure:4949: checking for krb5/krb5.h
configure:4949: result: yes
configure:4979: checking for keyvalue in krb5_keyblock
configure:4996: gcc -c -g -O2  conftest.c >&5
conftest.c: In function 'main':
conftest.c:90: error: 'krb5_keyblock' has no member named 'keyvalue'
configure:4996: $? = 1
configure: failed program was:
| /* confdefs.h */
| #define PACKAGE_NAME "cifs-utils"
| #define PACKAGE_TARNAME "cifs-utils"
| #define PACKAGE_VERSION "5.2.1"
| #define PACKAGE_STRING "cifs-utils 5.2.1"
| #define PACKAGE_BUGREPORT "cifs-utils@samba.org"
| #define PACKAGE_URL "http://linux-cifs.samba.org/cifs-utils/"
| #define PACKAGE "cifs-utils"
| #define VERSION "5.2.1"
| #define STDC_HEADERS 1
| #define HAVE_SYS_TYPES_H 1
| #define HAVE_SYS_STAT_H 1
| #define HAVE_STDLIB_H 1
| #define HAVE_STRING_H 1
| #define HAVE_MEMORY_H 1
| #define HAVE_STRINGS_H 1
| #define HAVE_INTTYPES_H 1
| #define HAVE_STDINT_H 1
| #define HAVE_UNISTD_H 1
| #define __EXTENSIONS__ 1
| #define _ALL_SOURCE 1
| #define _GNU_SOURCE 1
| #define _POSIX_PTHREAD_SEMANTICS 1
| #define _TANDEM_SOURCE 1
| #define HAVE__BOOL 1
| #define HAVE_STDBOOL_H 1
| #define HAVE_PTRDIFF_T 1
| #define HAVE_SSIZE_T 1
| #define HAVE_UINT32_T 1
| #define HAVE_UINT8_T 1
| #define HAVE_GETMNTENT 1
| #define LSTAT_FOLLOWS_SLASHED_SYMLINK 1
| #define HAVE_STDLIB_H 1
| #define HAVE_MALLOC 1
| #define HAVE_STDLIB_H 1
| #define HAVE_REALLOC 1
| #define HAVE_ALARM 1
| #define HAVE_ATEXIT 1
| #define HAVE_ENDPWENT 1
| #define HAVE_GETMNTENT 1
| #define HAVE_GETPASS 1
| #define HAVE_GETTIMEOFDAY 1
| #define HAVE_INET_NTOP 1
| #define HAVE_MEMSET 1
| #define HAVE_REALPATH 1
| #define HAVE_SETENV 1
| #define HAVE_STRCHR 1
| #define HAVE_STRCMP 1
| #define HAVE_STRDUP 1
| #define HAVE_STRERROR 1
| #define HAVE_STRNCASECMP 1
| #define HAVE_STRNDUP 1
| #define HAVE_STRPBRK 1
| #define HAVE_STRRCHR 1
| #define HAVE_STRSTR 1
| #define HAVE_STRTOL 1
| #define HAVE_STRTOUL 1
| #define HAVE_TOLOWER 1
| #define HAVE_UNAME 1
| #define HAVE_CLOCK_GETTIME 1
| #define HAVE_CLOCK_GETTIME 1
| #define HAVE_ARPA_INET_H 1
| #define HAVE_CTYPE_H 1
| #define HAVE_FCNTL_H 1
| #define HAVE_INTTYPES_H 1
| #define HAVE_LIMITS_H 1
| #define HAVE_MNTENT_H 1
| #define HAVE_NETDB_H 1
| #define HAVE_STDDEF_H 1
| #define HAVE_STDINT_H 1
| #define HAVE_STDBOOL_H 1
| #define HAVE_STDLIB_H 1
| #define HAVE_STDIO_H 1
| #define HAVE_ERRNO_H 1
| #define HAVE_STRING_H 1
| #define HAVE_STRINGS_H 1
| #define HAVE_SYS_MOUNT_H 1
| #define HAVE_SYS_PARAM_H 1
| #define HAVE_SYS_SOCKET_H 1
| #define HAVE_SYS_TIME_H 1
| #define HAVE_SYSLOG_H 1
| #define HAVE_UNISTD_H 1
| #define HAVE_KRB5_H 1
| #define HAVE_KRB5_KRB5_H 1
| /* end confdefs.h.  */
| #include <krb5.h>
| int
| main ()
| {
| krb5_keyblock key; key.keyvalue.data = NULL;
|   ;
|   return 0;
| }
configure:5003: result: no
configure:5014: checking talloc.h usability
configure:5014: gcc -c -g -O2  conftest.c >&5
conftest.c:119:20: error: talloc.h: No such file or directory
configure:5014: $? = 1
configure: failed program was:
| /* confdefs.h */
| #define PACKAGE_NAME "cifs-utils"
| #define PACKAGE_TARNAME "cifs-utils"
| #define PACKAGE_VERSION "5.2.1"
| #define PACKAGE_STRING "cifs-utils 5.2.1"
| #define PACKAGE_BUGREPORT "cifs-utils@samba.org"
| #define PACKAGE_URL "http://linux-cifs.samba.org/cifs-utils/"
| #define PACKAGE "cifs-utils"
| #define VERSION "5.2.1"
| #define STDC_HEADERS 1
| #define HAVE_SYS_TYPES_H 1
| #define HAVE_SYS_STAT_H 1
| #define HAVE_STDLIB_H 1
| #define HAVE_STRING_H 1
| #define HAVE_MEMORY_H 1
| #define HAVE_STRINGS_H 1
| #define HAVE_INTTYPES_H 1
| #define HAVE_STDINT_H 1
| #define HAVE_UNISTD_H 1
| #define __EXTENSIONS__ 1
| #define _ALL_SOURCE 1
| #define _GNU_SOURCE 1
| #define _POSIX_PTHREAD_SEMANTICS 1
| #define _TANDEM_SOURCE 1
| #define HAVE__BOOL 1
| #define HAVE_STDBOOL_H 1
| #define HAVE_PTRDIFF_T 1
| #define HAVE_SSIZE_T 1
| #define HAVE_UINT32_T 1
| #define HAVE_UINT8_T 1
| #define HAVE_GETMNTENT 1
| #define LSTAT_FOLLOWS_SLASHED_SYMLINK 1
| #define HAVE_STDLIB_H 1
| #define HAVE_MALLOC 1
| #define HAVE_STDLIB_H 1
| #define HAVE_REALLOC 1
| #define HAVE_ALARM 1
| #define HAVE_ATEXIT 1
| #define HAVE_ENDPWENT 1
| #define HAVE_GETMNTENT 1
| #define HAVE_GETPASS 1
| #define HAVE_GETTIMEOFDAY 1
| #define HAVE_INET_NTOP 1
| #define HAVE_MEMSET 1
| #define HAVE_REALPATH 1
| #define HAVE_SETENV 1
| #define HAVE_STRCHR 1
| #define HAVE_STRCMP 1
| #define HAVE_STRDUP 1
| #define HAVE_STRERROR 1
| #define HAVE_STRNCASECMP 1
| #define HAVE_STRNDUP 1
| #define HAVE_STRPBRK 1
| #define HAVE_STRRCHR 1
| #define HAVE_STRSTR 1
| #define HAVE_STRTOL 1
| #define HAVE_STRTOUL 1
| #define HAVE_TOLOWER 1
| #define HAVE_UNAME 1
| #define HAVE_CLOCK_GETTIME 1
| #define HAVE_CLOCK_GETTIME 1
| #define HAVE_ARPA_INET_H 1
| #define HAVE_CTYPE_H 1
| #define HAVE_FCNTL_H 1
| #define HAVE_INTTYPES_H 1
| #define HAVE_LIMITS_H 1
| #define HAVE_MNTENT_H 1
| #define HAVE_NETDB_H 1
| #define HAVE_STDDEF_H 1
| #define HAVE_STDINT_H 1
| #define HAVE_STDBOOL_H 1
| #define HAVE_STDLIB_H 1
| #define HAVE_STDIO_H 1
| #define HAVE_ERRNO_H 1
| #define HAVE_STRING_H 1
| #define HAVE_STRINGS_H 1
| #define HAVE_SYS_MOUNT_H 1
| #define HAVE_SYS_PARAM_H 1
| #define HAVE_SYS_SOCKET_H 1
| #define HAVE_SYS_TIME_H 1
| #define HAVE_SYSLOG_H 1
| #define HAVE_UNISTD_H 1
| #define HAVE_KRB5_H 1
| #define HAVE_KRB5_KRB5_H 1
| /* end confdefs.h.  */
| #include <stdio.h>
| #ifdef HAVE_SYS_TYPES_H
| # include <sys/types.h>
| #endif
| #ifdef HAVE_SYS_STAT_H
| # include <sys/stat.h>
| #endif
| #ifdef STDC_HEADERS
| # include <stdlib.h>
| # include <stddef.h>
| #else
| # ifdef HAVE_STDLIB_H
| #  include <stdlib.h>
| # endif
| #endif
| #ifdef HAVE_STRING_H
| # if !defined STDC_HEADERS && defined HAVE_MEMORY_H
| #  include <memory.h>
| # endif
| # include <string.h>
| #endif
| #ifdef HAVE_STRINGS_H
| # include <strings.h>
| #endif
| #ifdef HAVE_INTTYPES_H
| # include <inttypes.h>
| #endif
| #ifdef HAVE_STDINT_H
| # include <stdint.h>
| #endif
| #ifdef HAVE_UNISTD_H
| # include <unistd.h>
| #endif
| #include <talloc.h>
configure:5014: result: no
configure:5014: checking talloc.h presence
configure:5014: gcc -E  conftest.c
conftest.c:86:20: error: talloc.h: No such file or directory
configure:5014: $? = 1
configure: failed program was:
| /* confdefs.h */
| #define PACKAGE_NAME "cifs-utils"
| #define PACKAGE_TARNAME "cifs-utils"
| #define PACKAGE_VERSION "5.2.1"
| #define PACKAGE_STRING "cifs-utils 5.2.1"
| #define PACKAGE_BUGREPORT "cifs-utils@samba.org"
| #define PACKAGE_URL "http://linux-cifs.samba.org/cifs-utils/"
| #define PACKAGE "cifs-utils"
| #define VERSION "5.2.1"
| #define STDC_HEADERS 1
| #define HAVE_SYS_TYPES_H 1
| #define HAVE_SYS_STAT_H 1
| #define HAVE_STDLIB_H 1
| #define HAVE_STRING_H 1
| #define HAVE_MEMORY_H 1
| #define HAVE_STRINGS_H 1
| #define HAVE_INTTYPES_H 1
| #define HAVE_STDINT_H 1
| #define HAVE_UNISTD_H 1
| #define __EXTENSIONS__ 1
| #define _ALL_SOURCE 1
| #define _GNU_SOURCE 1
| #define _POSIX_PTHREAD_SEMANTICS 1
| #define _TANDEM_SOURCE 1
| #define HAVE__BOOL 1
| #define HAVE_STDBOOL_H 1
| #define HAVE_PTRDIFF_T 1
| #define HAVE_SSIZE_T 1
| #define HAVE_UINT32_T 1
| #define HAVE_UINT8_T 1
| #define HAVE_GETMNTENT 1
| #define LSTAT_FOLLOWS_SLASHED_SYMLINK 1
| #define HAVE_STDLIB_H 1
| #define HAVE_MALLOC 1
| #define HAVE_STDLIB_H 1
| #define HAVE_REALLOC 1
| #define HAVE_ALARM 1
| #define HAVE_ATEXIT 1
| #define HAVE_ENDPWENT 1
| #define HAVE_GETMNTENT 1
| #define HAVE_GETPASS 1
| #define HAVE_GETTIMEOFDAY 1
| #define HAVE_INET_NTOP 1
| #define HAVE_MEMSET 1
| #define HAVE_REALPATH 1
| #define HAVE_SETENV 1
| #define HAVE_STRCHR 1
| #define HAVE_STRCMP 1
| #define HAVE_STRDUP 1
| #define HAVE_STRERROR 1
| #define HAVE_STRNCASECMP 1
| #define HAVE_STRNDUP 1
| #define HAVE_STRPBRK 1
| #define HAVE_STRRCHR 1
| #define HAVE_STRSTR 1
| #define HAVE_STRTOL 1
| #define HAVE_STRTOUL 1
| #define HAVE_TOLOWER 1
| #define HAVE_UNAME 1
| #define HAVE_CLOCK_GETTIME 1
| #define HAVE_CLOCK_GETTIME 1
| #define HAVE_ARPA_INET_H 1
| #define HAVE_CTYPE_H 1
| #define HAVE_FCNTL_H 1
| #define HAVE_INTTYPES_H 1
| #define HAVE_LIMITS_H 1
| #define HAVE_MNTENT_H 1
| #define HAVE_NETDB_H 1
| #define HAVE_STDDEF_H 1
| #define HAVE_STDINT_H 1
| #define HAVE_STDBOOL_H 1
| #define HAVE_STDLIB_H 1
| #define HAVE_STDIO_H 1
| #define HAVE_ERRNO_H 1
| #define HAVE_STRING_H 1
| #define HAVE_STRINGS_H 1
| #define HAVE_SYS_MOUNT_H 1
| #define HAVE_SYS_PARAM_H 1
| #define HAVE_SYS_SOCKET_H 1
| #define HAVE_SYS_TIME_H 1
| #define HAVE_SYSLOG_H 1
| #define HAVE_UNISTD_H 1
| #define HAVE_KRB5_H 1
| #define HAVE_KRB5_KRB5_H 1
| /* end confdefs.h.  */
| #include <talloc.h>
configure:5014: result: no
configure:5014: checking for talloc.h
configure:5014: result: no
configure:5025: WARNING: talloc.h not found, consider installing libtalloc-devel. Disabling cifs.upcall.
configure:5038: checking keyutils.h usability
configure:5038: gcc -c -g -O2  conftest.c >&5
configure:5038: $? = 0
configure:5038: result: yes
configure:5038: checking keyutils.h presence
configure:5038: gcc -E  conftest.c
configure:5038: $? = 0
configure:5038: result: yes
configure:5038: checking for keyutils.h
configure:5038: result: yes
configure:5069: checking for wbclient.h
configure:5069: gcc -c -g -O2  conftest.c >&5
conftest.c:125:22: error: wbclient.h: No such file or directory
configure:5069: $? = 1
configure: failed program was:
| /* confdefs.h */
| #define PACKAGE_NAME "cifs-utils"
| #define PACKAGE_TARNAME "cifs-utils"
| #define PACKAGE_VERSION "5.2.1"
| #define PACKAGE_STRING "cifs-utils 5.2.1"
| #define PACKAGE_BUGREPORT "cifs-utils@samba.org"
| #define PACKAGE_URL "http://linux-cifs.samba.org/cifs-utils/"
| #define PACKAGE "cifs-utils"
| #define VERSION "5.2.1"
| #define STDC_HEADERS 1
| #define HAVE_SYS_TYPES_H 1
| #define HAVE_SYS_STAT_H 1
| #define HAVE_STDLIB_H 1
| #define HAVE_STRING_H 1
| #define HAVE_MEMORY_H 1
| #define HAVE_STRINGS_H 1
| #define HAVE_INTTYPES_H 1
| #define HAVE_STDINT_H 1
| #define HAVE_UNISTD_H 1
| #define __EXTENSIONS__ 1
| #define _ALL_SOURCE 1
| #define _GNU_SOURCE 1
| #define _POSIX_PTHREAD_SEMANTICS 1
| #define _TANDEM_SOURCE 1
| #define HAVE__BOOL 1
| #define HAVE_STDBOOL_H 1
| #define HAVE_PTRDIFF_T 1
| #define HAVE_SSIZE_T 1
| #define HAVE_UINT32_T 1
| #define HAVE_UINT8_T 1
| #define HAVE_GETMNTENT 1
| #define LSTAT_FOLLOWS_SLASHED_SYMLINK 1
| #define HAVE_STDLIB_H 1
| #define HAVE_MALLOC 1
| #define HAVE_STDLIB_H 1
| #define HAVE_REALLOC 1
| #define HAVE_ALARM 1
| #define HAVE_ATEXIT 1
| #define HAVE_ENDPWENT 1
| #define HAVE_GETMNTENT 1
| #define HAVE_GETPASS 1
| #define HAVE_GETTIMEOFDAY 1
| #define HAVE_INET_NTOP 1
| #define HAVE_MEMSET 1
| #define HAVE_REALPATH 1
| #define HAVE_SETENV 1
| #define HAVE_STRCHR 1
| #define HAVE_STRCMP 1
| #define HAVE_STRDUP 1
| #define HAVE_STRERROR 1
| #define HAVE_STRNCASECMP 1
| #define HAVE_STRNDUP 1
| #define HAVE_STRPBRK 1
| #define HAVE_STRRCHR 1
| #define HAVE_STRSTR 1
| #define HAVE_STRTOL 1
| #define HAVE_STRTOUL 1
| #define HAVE_TOLOWER 1
| #define HAVE_UNAME 1
| #define HAVE_CLOCK_GETTIME 1
| #define HAVE_CLOCK_GETTIME 1
| #define HAVE_ARPA_INET_H 1
| #define HAVE_CTYPE_H 1
| #define HAVE_FCNTL_H 1
| #define HAVE_INTTYPES_H 1
| #define HAVE_LIMITS_H 1
| #define HAVE_MNTENT_H 1
| #define HAVE_NETDB_H 1
| #define HAVE_STDDEF_H 1
| #define HAVE_STDINT_H 1
| #define HAVE_STDBOOL_H 1
| #define HAVE_STDLIB_H 1
| #define HAVE_STDIO_H 1
| #define HAVE_ERRNO_H 1
| #define HAVE_STRING_H 1
| #define HAVE_STRINGS_H 1
| #define HAVE_SYS_MOUNT_H 1
| #define HAVE_SYS_PARAM_H 1
| #define HAVE_SYS_SOCKET_H 1
| #define HAVE_SYS_TIME_H 1
| #define HAVE_SYSLOG_H 1
| #define HAVE_UNISTD_H 1
| #define HAVE_KRB5_H 1
| #define HAVE_KRB5_KRB5_H 1
| #define HAVE_KEYUTILS_H 1
| /* end confdefs.h.  */
| #include <stdio.h>
| #ifdef HAVE_SYS_TYPES_H
| # include <sys/types.h>
| #endif
| #ifdef HAVE_SYS_STAT_H
| # include <sys/stat.h>
| #endif
| #ifdef STDC_HEADERS
| # include <stdlib.h>
| # include <stddef.h>
| #else
| # ifdef HAVE_STDLIB_H
| #  include <stdlib.h>
| # endif
| #endif
| #ifdef HAVE_STRING_H
| # if !defined STDC_HEADERS && defined HAVE_MEMORY_H
| #  include <memory.h>
| # endif
| # include <string.h>
| #endif
| #ifdef HAVE_STRINGS_H
| # include <strings.h>
| #endif
| #ifdef HAVE_INTTYPES_H
| # include <inttypes.h>
| #endif
| #ifdef HAVE_STDINT_H
| # include <stdint.h>
| #endif
| #ifdef HAVE_UNISTD_H
| # include <unistd.h>
| #endif
| 			#ifdef HAVE_STDBOOL_H
| 			    #include <stdbool.h>
| 			    #endif
| 
| 
| #include <wbclient.h>
configure:5069: result: no
configure:5085: WARNING: wbclient.h not found, consider installing libwbclient-devel. Disabling getcifsacl.
configure:5146: checking for wbclient.h
configure:5146: result: no
configure:5179: WARNING: wbclient.h not found, consider installing libwbclient-devel. Disabling cifs.idmap.
configure:5186: WARNING: wbclient.h not found, consider installing libwbclient-devel. Disabling cifsacl.
configure:5389: checking for prctl
configure:5389: gcc -o conftest -g -O2   conftest.c  -lrt >&5
configure:5389: $? = 0
configure:5389: result: yes
configure:5395: checking for cap_get_proc in -lcap
configure:5420: gcc -o conftest -g -O2   conftest.c -lcap   -lrt >&5
/usr/bin/ld: cannot find -lcap
collect2: ld returned 1 exit status
configure:5420: $? = 1
configure: failed program was:
| /* confdefs.h */
| #define PACKAGE_NAME "cifs-utils"
| #define PACKAGE_TARNAME "cifs-utils"
| #define PACKAGE_VERSION "5.2.1"
| #define PACKAGE_STRING "cifs-utils 5.2.1"
| #define PACKAGE_BUGREPORT "cifs-utils@samba.org"
| #define PACKAGE_URL "http://linux-cifs.samba.org/cifs-utils/"
| #define PACKAGE "cifs-utils"
| #define VERSION "5.2.1"
| #define STDC_HEADERS 1
| #define HAVE_SYS_TYPES_H 1
| #define HAVE_SYS_STAT_H 1
| #define HAVE_STDLIB_H 1
| #define HAVE_STRING_H 1
| #define HAVE_MEMORY_H 1
| #define HAVE_STRINGS_H 1
| #define HAVE_INTTYPES_H 1
| #define HAVE_STDINT_H 1
| #define HAVE_UNISTD_H 1
| #define __EXTENSIONS__ 1
| #define _ALL_SOURCE 1
| #define _GNU_SOURCE 1
| #define _POSIX_PTHREAD_SEMANTICS 1
| #define _TANDEM_SOURCE 1
| #define HAVE__BOOL 1
| #define HAVE_STDBOOL_H 1
| #define HAVE_PTRDIFF_T 1
| #define HAVE_SSIZE_T 1
| #define HAVE_UINT32_T 1
| #define HAVE_UINT8_T 1
| #define HAVE_GETMNTENT 1
| #define LSTAT_FOLLOWS_SLASHED_SYMLINK 1
| #define HAVE_STDLIB_H 1
| #define HAVE_MALLOC 1
| #define HAVE_STDLIB_H 1
| #define HAVE_REALLOC 1
| #define HAVE_ALARM 1
| #define HAVE_ATEXIT 1
| #define HAVE_ENDPWENT 1
| #define HAVE_GETMNTENT 1
| #define HAVE_GETPASS 1
| #define HAVE_GETTIMEOFDAY 1
| #define HAVE_INET_NTOP 1
| #define HAVE_MEMSET 1
| #define HAVE_REALPATH 1
| #define HAVE_SETENV 1
| #define HAVE_STRCHR 1
| #define HAVE_STRCMP 1
| #define HAVE_STRDUP 1
| #define HAVE_STRERROR 1
| #define HAVE_STRNCASECMP 1
| #define HAVE_STRNDUP 1
| #define HAVE_STRPBRK 1
| #define HAVE_STRRCHR 1
| #define HAVE_STRSTR 1
| #define HAVE_STRTOL 1
| #define HAVE_STRTOUL 1
| #define HAVE_TOLOWER 1
| #define HAVE_UNAME 1
| #define HAVE_CLOCK_GETTIME 1
| #define HAVE_CLOCK_GETTIME 1
| #define HAVE_ARPA_INET_H 1
| #define HAVE_CTYPE_H 1
| #define HAVE_FCNTL_H 1
| #define HAVE_INTTYPES_H 1
| #define HAVE_LIMITS_H 1
| #define HAVE_MNTENT_H 1
| #define HAVE_NETDB_H 1
| #define HAVE_STDDEF_H 1
| #define HAVE_STDINT_H 1
| #define HAVE_STDBOOL_H 1
| #define HAVE_STDLIB_H 1
| #define HAVE_STDIO_H 1
| #define HAVE_ERRNO_H 1
| #define HAVE_STRING_H 1
| #define HAVE_STRINGS_H 1
| #define HAVE_SYS_MOUNT_H 1
| #define HAVE_SYS_PARAM_H 1
| #define HAVE_SYS_SOCKET_H 1
| #define HAVE_SYS_TIME_H 1
| #define HAVE_SYSLOG_H 1
| #define HAVE_UNISTD_H 1
| #define HAVE_KRB5_H 1
| #define HAVE_KRB5_KRB5_H 1
| #define HAVE_KEYUTILS_H 1
| /* end confdefs.h.  */
| 
| /* Override any GCC internal prototype to avoid an error.
|    Use char because int might match the return type of a GCC
|    builtin and then its argument prototype would still apply.  */
| #ifdef __cplusplus
| extern "C"
| #endif
| char cap_get_proc ();
| int
| main ()
| {
| return cap_get_proc ();
|   ;
|   return 0;
| }
configure:5429: result: no
configure:5440: checking sys/capability.h usability
configure:5440: gcc -c -g -O2  conftest.c >&5
conftest.c:120:28: error: sys/capability.h: No such file or directory
configure:5440: $? = 1
configure: failed program was:
| /* confdefs.h */
| #define PACKAGE_NAME "cifs-utils"
| #define PACKAGE_TARNAME "cifs-utils"
| #define PACKAGE_VERSION "5.2.1"
| #define PACKAGE_STRING "cifs-utils 5.2.1"
| #define PACKAGE_BUGREPORT "cifs-utils@samba.org"
| #define PACKAGE_URL "http://linux-cifs.samba.org/cifs-utils/"
| #define PACKAGE "cifs-utils"
| #define VERSION "5.2.1"
| #define STDC_HEADERS 1
| #define HAVE_SYS_TYPES_H 1
| #define HAVE_SYS_STAT_H 1
| #define HAVE_STDLIB_H 1
| #define HAVE_STRING_H 1
| #define HAVE_MEMORY_H 1
| #define HAVE_STRINGS_H 1
| #define HAVE_INTTYPES_H 1
| #define HAVE_STDINT_H 1
| #define HAVE_UNISTD_H 1
| #define __EXTENSIONS__ 1
| #define _ALL_SOURCE 1
| #define _GNU_SOURCE 1
| #define _POSIX_PTHREAD_SEMANTICS 1
| #define _TANDEM_SOURCE 1
| #define HAVE__BOOL 1
| #define HAVE_STDBOOL_H 1
| #define HAVE_PTRDIFF_T 1
| #define HAVE_SSIZE_T 1
| #define HAVE_UINT32_T 1
| #define HAVE_UINT8_T 1
| #define HAVE_GETMNTENT 1
| #define LSTAT_FOLLOWS_SLASHED_SYMLINK 1
| #define HAVE_STDLIB_H 1
| #define HAVE_MALLOC 1
| #define HAVE_STDLIB_H 1
| #define HAVE_REALLOC 1
| #define HAVE_ALARM 1
| #define HAVE_ATEXIT 1
| #define HAVE_ENDPWENT 1
| #define HAVE_GETMNTENT 1
| #define HAVE_GETPASS 1
| #define HAVE_GETTIMEOFDAY 1
| #define HAVE_INET_NTOP 1
| #define HAVE_MEMSET 1
| #define HAVE_REALPATH 1
| #define HAVE_SETENV 1
| #define HAVE_STRCHR 1
| #define HAVE_STRCMP 1
| #define HAVE_STRDUP 1
| #define HAVE_STRERROR 1
| #define HAVE_STRNCASECMP 1
| #define HAVE_STRNDUP 1
| #define HAVE_STRPBRK 1
| #define HAVE_STRRCHR 1
| #define HAVE_STRSTR 1
| #define HAVE_STRTOL 1
| #define HAVE_STRTOUL 1
| #define HAVE_TOLOWER 1
| #define HAVE_UNAME 1
| #define HAVE_CLOCK_GETTIME 1
| #define HAVE_CLOCK_GETTIME 1
| #define HAVE_ARPA_INET_H 1
| #define HAVE_CTYPE_H 1
| #define HAVE_FCNTL_H 1
| #define HAVE_INTTYPES_H 1
| #define HAVE_LIMITS_H 1
| #define HAVE_MNTENT_H 1
| #define HAVE_NETDB_H 1
| #define HAVE_STDDEF_H 1
| #define HAVE_STDINT_H 1
| #define HAVE_STDBOOL_H 1
| #define HAVE_STDLIB_H 1
| #define HAVE_STDIO_H 1
| #define HAVE_ERRNO_H 1
| #define HAVE_STRING_H 1
| #define HAVE_STRINGS_H 1
| #define HAVE_SYS_MOUNT_H 1
| #define HAVE_SYS_PARAM_H 1
| #define HAVE_SYS_SOCKET_H 1
| #define HAVE_SYS_TIME_H 1
| #define HAVE_SYSLOG_H 1
| #define HAVE_UNISTD_H 1
| #define HAVE_KRB5_H 1
| #define HAVE_KRB5_KRB5_H 1
| #define HAVE_KEYUTILS_H 1
| /* end confdefs.h.  */
| #include <stdio.h>
| #ifdef HAVE_SYS_TYPES_H
| # include <sys/types.h>
| #endif
| #ifdef HAVE_SYS_STAT_H
| # include <sys/stat.h>
| #endif
| #ifdef STDC_HEADERS
| # include <stdlib.h>
| # include <stddef.h>
| #else
| # ifdef HAVE_STDLIB_H
| #  include <stdlib.h>
| # endif
| #endif
| #ifdef HAVE_STRING_H
| # if !defined STDC_HEADERS && defined HAVE_MEMORY_H
| #  include <memory.h>
| # endif
| # include <string.h>
| #endif
| #ifdef HAVE_STRINGS_H
| # include <strings.h>
| #endif
| #ifdef HAVE_INTTYPES_H
| # include <inttypes.h>
| #endif
| #ifdef HAVE_STDINT_H
| # include <stdint.h>
| #endif
| #ifdef HAVE_UNISTD_H
| # include <unistd.h>
| #endif
| #include <sys/capability.h>
configure:5440: result: no
configure:5440: checking sys/capability.h presence
configure:5440: gcc -E  conftest.c
conftest.c:87:28: error: sys/capability.h: No such file or directory
configure:5440: $? = 1
configure: failed program was:
| /* confdefs.h */
| #define PACKAGE_NAME "cifs-utils"
| #define PACKAGE_TARNAME "cifs-utils"
| #define PACKAGE_VERSION "5.2.1"
| #define PACKAGE_STRING "cifs-utils 5.2.1"
| #define PACKAGE_BUGREPORT "cifs-utils@samba.org"
| #define PACKAGE_URL "http://linux-cifs.samba.org/cifs-utils/"
| #define PACKAGE "cifs-utils"
| #define VERSION "5.2.1"
| #define STDC_HEADERS 1
| #define HAVE_SYS_TYPES_H 1
| #define HAVE_SYS_STAT_H 1
| #define HAVE_STDLIB_H 1
| #define HAVE_STRING_H 1
| #define HAVE_MEMORY_H 1
| #define HAVE_STRINGS_H 1
| #define HAVE_INTTYPES_H 1
| #define HAVE_STDINT_H 1
| #define HAVE_UNISTD_H 1
| #define __EXTENSIONS__ 1
| #define _ALL_SOURCE 1
| #define _GNU_SOURCE 1
| #define _POSIX_PTHREAD_SEMANTICS 1
| #define _TANDEM_SOURCE 1
| #define HAVE__BOOL 1
| #define HAVE_STDBOOL_H 1
| #define HAVE_PTRDIFF_T 1
| #define HAVE_SSIZE_T 1
| #define HAVE_UINT32_T 1
| #define HAVE_UINT8_T 1
| #define HAVE_GETMNTENT 1
| #define LSTAT_FOLLOWS_SLASHED_SYMLINK 1
| #define HAVE_STDLIB_H 1
| #define HAVE_MALLOC 1
| #define HAVE_STDLIB_H 1
| #define HAVE_REALLOC 1
| #define HAVE_ALARM 1
| #define HAVE_ATEXIT 1
| #define HAVE_ENDPWENT 1
| #define HAVE_GETMNTENT 1
| #define HAVE_GETPASS 1
| #define HAVE_GETTIMEOFDAY 1
| #define HAVE_INET_NTOP 1
| #define HAVE_MEMSET 1
| #define HAVE_REALPATH 1
| #define HAVE_SETENV 1
| #define HAVE_STRCHR 1
| #define HAVE_STRCMP 1
| #define HAVE_STRDUP 1
| #define HAVE_STRERROR 1
| #define HAVE_STRNCASECMP 1
| #define HAVE_STRNDUP 1
| #define HAVE_STRPBRK 1
| #define HAVE_STRRCHR 1
| #define HAVE_STRSTR 1
| #define HAVE_STRTOL 1
| #define HAVE_STRTOUL 1
| #define HAVE_TOLOWER 1
| #define HAVE_UNAME 1
| #define HAVE_CLOCK_GETTIME 1
| #define HAVE_CLOCK_GETTIME 1
| #define HAVE_ARPA_INET_H 1
| #define HAVE_CTYPE_H 1
| #define HAVE_FCNTL_H 1
| #define HAVE_INTTYPES_H 1
| #define HAVE_LIMITS_H 1
| #define HAVE_MNTENT_H 1
| #define HAVE_NETDB_H 1
| #define HAVE_STDDEF_H 1
| #define HAVE_STDINT_H 1
| #define HAVE_STDBOOL_H 1
| #define HAVE_STDLIB_H 1
| #define HAVE_STDIO_H 1
| #define HAVE_ERRNO_H 1
| #define HAVE_STRING_H 1
| #define HAVE_STRINGS_H 1
| #define HAVE_SYS_MOUNT_H 1
| #define HAVE_SYS_PARAM_H 1
| #define HAVE_SYS_SOCKET_H 1
| #define HAVE_SYS_TIME_H 1
| #define HAVE_SYSLOG_H 1
| #define HAVE_UNISTD_H 1
| #define HAVE_KRB5_H 1
| #define HAVE_KRB5_KRB5_H 1
| #define HAVE_KEYUTILS_H 1
| /* end confdefs.h.  */
| #include <sys/capability.h>
configure:5440: result: no
configure:5440: checking for sys/capability.h
configure:5440: result: no
configure:5451: WARNING: libcap headers not found. mount.cifs will be built without support for dropping capabilities. Consider installing libcap-devel.
configure:5618: creating ./config.status

## ---------------- ##
## Cache variables. ##
## ---------------- ##

ac_cv_build=x86_64-unknown-linux-gnu
ac_cv_c_compiler_gnu=yes
ac_cv_env_CC_set=
ac_cv_env_CC_value=
ac_cv_env_CFLAGS_set=
ac_cv_env_CFLAGS_value=
ac_cv_env_CPPFLAGS_set=
ac_cv_env_CPPFLAGS_value=
ac_cv_env_CPP_set=
ac_cv_env_CPP_value=
ac_cv_env_LDFLAGS_set=
ac_cv_env_LDFLAGS_value=
ac_cv_env_LIBS_set=
ac_cv_env_LIBS_value=
ac_cv_env_build_alias_set=
ac_cv_env_build_alias_value=
ac_cv_env_host_alias_set=
ac_cv_env_host_alias_value=
ac_cv_env_target_alias_set=
ac_cv_env_target_alias_value=
ac_cv_func_alarm=yes
ac_cv_func_atexit=yes
ac_cv_func_clock_gettime=no
ac_cv_func_endpwent=yes
ac_cv_func_getmntent=yes
ac_cv_func_getpass=yes
ac_cv_func_gettimeofday=yes
ac_cv_func_inet_ntop=yes
ac_cv_func_lstat_dereferences_slashed_symlink=yes
ac_cv_func_malloc_0_nonnull=yes
ac_cv_func_memset=yes
ac_cv_func_prctl=yes
ac_cv_func_realloc_0_nonnull=yes
ac_cv_func_realpath=yes
ac_cv_func_setenv=yes
ac_cv_func_strchr=yes
ac_cv_func_strcmp=yes
ac_cv_func_strdup=yes
ac_cv_func_strerror=yes
ac_cv_func_strncasecmp=yes
ac_cv_func_strndup=yes
ac_cv_func_strnlen_working=yes
ac_cv_func_strpbrk=yes
ac_cv_func_strrchr=yes
ac_cv_func_strstr=yes
ac_cv_func_strtol=yes
ac_cv_func_strtoul=yes
ac_cv_func_tolower=yes
ac_cv_func_uname=yes
ac_cv_have_krb5_keyblock_keyvalue=no
ac_cv_header_arpa_inet_h=yes
ac_cv_header_ctype_h=yes
ac_cv_header_errno_h=yes
ac_cv_header_fcntl_h=yes
ac_cv_header_inttypes_h=yes
ac_cv_header_keyutils_h=yes
ac_cv_header_krb5_h=yes
ac_cv_header_krb5_krb5_h=yes
ac_cv_header_limits_h=yes
ac_cv_header_memory_h=yes
ac_cv_header_minix_config_h=no
ac_cv_header_mntent_h=yes
ac_cv_header_netdb_h=yes
ac_cv_header_stdbool_h=yes
ac_cv_header_stdc=yes
ac_cv_header_stddef_h=yes
ac_cv_header_stdint_h=yes
ac_cv_header_stdio_h=yes
ac_cv_header_stdlib_h=yes
ac_cv_header_string_h=yes
ac_cv_header_strings_h=yes
ac_cv_header_sys_capability_h=no
ac_cv_header_sys_mount_h=yes
ac_cv_header_sys_param_h=yes
ac_cv_header_sys_socket_h=yes
ac_cv_header_sys_stat_h=yes
ac_cv_header_sys_time_h=yes
ac_cv_header_sys_types_h=yes
ac_cv_header_syslog_h=yes
ac_cv_header_talloc_h=no
ac_cv_header_unistd_h=yes
ac_cv_header_wbclient_h=no
ac_cv_host=x86_64-unknown-linux-gnu
ac_cv_lib_cap_cap_get_proc=no
ac_cv_lib_rt_clock_gettime=yes
ac_cv_objext=o
ac_cv_path_EGREP='/bin/grep -E'
ac_cv_path_GREP=/bin/grep
ac_cv_path_SED=/bin/sed
ac_cv_path_install='/usr/bin/install -c'
ac_cv_path_mkdir=/bin/mkdir
ac_cv_prog_AWK=gawk
ac_cv_prog_CPP='gcc -E'
ac_cv_prog_ac_ct_CC=gcc
ac_cv_prog_cc_c89=
ac_cv_prog_cc_g=yes
ac_cv_prog_make_make_set=yes
ac_cv_safe_to_define___extensions__=yes
ac_cv_search_getmntent='none required'
ac_cv_type__Bool=yes
ac_cv_type_off_t=yes
ac_cv_type_pid_t=yes
ac_cv_type_ptrdiff_t=yes
ac_cv_type_size_t=yes
ac_cv_type_ssize_t=yes
ac_cv_type_uid_t=yes
ac_cv_type_uint32_t=yes
ac_cv_type_uint8_t=yes
am_cv_CC_dependencies_compiler_type=gcc3

## ----------------- ##
## Output variables. ##
## ----------------- ##

ACLOCAL='${SHELL} /root/beta/cifsacl/missing --run aclocal-1.11'
AMDEPBACKSLASH='\'
AMDEP_FALSE='#'
AMDEP_TRUE=''
AMTAR='${SHELL} /root/beta/cifsacl/missing --run tar'
AUTOCONF='${SHELL} /root/beta/cifsacl/missing --run autoconf'
AUTOHEADER='${SHELL} /root/beta/cifsacl/missing --run autoheader'
AUTOMAKE='${SHELL} /root/beta/cifsacl/missing --run automake-1.11'
AWK='gawk'
CC='gcc'
CCDEPMODE='depmode=gcc3'
CFLAGS='-g -O2'
CONFIG_CIFSACL_FALSE=''
CONFIG_CIFSACL_TRUE='#'
CONFIG_CIFSCREDS_FALSE=''
CONFIG_CIFSCREDS_TRUE='#'
CONFIG_CIFSIDMAP_FALSE=''
CONFIG_CIFSIDMAP_TRUE='#'
CONFIG_CIFSUPCALL_FALSE=''
CONFIG_CIFSUPCALL_TRUE='#'
CPP='gcc -E'
CPPFLAGS=''
CYGPATH_W='echo'
DEFS='-DHAVE_CONFIG_H'
DEPDIR='.deps'
ECHO_C=''
ECHO_N='-n'
ECHO_T=''
EGREP='/bin/grep -E'
EXEEXT=''
GREP='/bin/grep'
INSTALL_DATA='${INSTALL} -m 644'
INSTALL_PROGRAM='${INSTALL}'
INSTALL_SCRIPT='${INSTALL}'
INSTALL_STRIP_PROGRAM='$(install_sh) -c -s'
KRB5_LDADD=''
LDFLAGS=''
LIBCAP=''
LIBOBJS=''
LIBS=' -lrt'
LTLIBOBJS=''
MAKEINFO='${SHELL} /root/beta/cifsacl/missing --run makeinfo'
MKDIR_P='/bin/mkdir -p'
OBJEXT='o'
PACKAGE='cifs-utils'
PACKAGE_BUGREPORT='cifs-utils@samba.org'
PACKAGE_NAME='cifs-utils'
PACKAGE_STRING='cifs-utils 5.2.1'
PACKAGE_TARNAME='cifs-utils'
PACKAGE_URL='http://linux-cifs.samba.org/cifs-utils/'
PACKAGE_VERSION='5.2.1'
PATH_SEPARATOR=':'
SED='/bin/sed'
SET_MAKE=''
SHELL='/bin/sh'
STRIP=''
VERSION='5.2.1'
WINB_LDADD=''
ac_ct_CC='gcc'
am__EXEEXT_FALSE=''
am__EXEEXT_TRUE='#'
am__fastdepCC_FALSE='#'
am__fastdepCC_TRUE=''
am__include='include'
am__isrc=''
am__leading_dot='.'
am__quote=''
am__tar='${AMTAR} chof - "$$tardir"'
am__untar='${AMTAR} xf -'
bindir='${exec_prefix}/bin'
build='x86_64-unknown-linux-gnu'
build_alias=''
build_cpu='x86_64'
build_os='linux-gnu'
build_vendor='unknown'
datadir='${datarootdir}'
datarootdir='${prefix}/share'
docdir='${datarootdir}/doc/${PACKAGE_TARNAME}'
dvidir='${docdir}'
exec_prefix='${prefix}'
host='x86_64-unknown-linux-gnu'
host_alias=''
host_cpu='x86_64'
host_os='linux-gnu'
host_vendor='unknown'
htmldir='${docdir}'
includedir='${prefix}/include'
infodir='${datarootdir}/info'
install_sh='${SHELL} /root/beta/cifsacl/install-sh'
libdir='${exec_prefix}/lib'
libexecdir='${exec_prefix}/libexec'
localedir='${datarootdir}/locale'
localstatedir='${prefix}/var'
mandir='${datarootdir}/man'
mkdir_p='/bin/mkdir -p'
oldincludedir='/usr/include'
pdfdir='${docdir}'
prefix='/usr/local'
program_transform_name='s,x,x,'
psdir='${docdir}'
sbindir='${exec_prefix}/sbin'
sharedstatedir='${prefix}/com'
sysconfdir='${prefix}/etc'
target_alias=''

## ----------- ##
## confdefs.h. ##
## ----------- ##

/* confdefs.h */
#define PACKAGE_NAME "cifs-utils"
#define PACKAGE_TARNAME "cifs-utils"
#define PACKAGE_VERSION "5.2.1"
#define PACKAGE_STRING "cifs-utils 5.2.1"
#define PACKAGE_BUGREPORT "cifs-utils@samba.org"
#define PACKAGE_URL "http://linux-cifs.samba.org/cifs-utils/"
#define PACKAGE "cifs-utils"
#define VERSION "5.2.1"
#define STDC_HEADERS 1
#define HAVE_SYS_TYPES_H 1
#define HAVE_SYS_STAT_H 1
#define HAVE_STDLIB_H 1
#define HAVE_STRING_H 1
#define HAVE_MEMORY_H 1
#define HAVE_STRINGS_H 1
#define HAVE_INTTYPES_H 1
#define HAVE_STDINT_H 1
#define HAVE_UNISTD_H 1
#define __EXTENSIONS__ 1
#define _ALL_SOURCE 1
#define _GNU_SOURCE 1
#define _POSIX_PTHREAD_SEMANTICS 1
#define _TANDEM_SOURCE 1
#define HAVE__BOOL 1
#define HAVE_STDBOOL_H 1
#define HAVE_PTRDIFF_T 1
#define HAVE_SSIZE_T 1
#define HAVE_UINT32_T 1
#define HAVE_UINT8_T 1
#define HAVE_GETMNTENT 1
#define LSTAT_FOLLOWS_SLASHED_SYMLINK 1
#define HAVE_STDLIB_H 1
#define HAVE_MALLOC 1
#define HAVE_STDLIB_H 1
#define HAVE_REALLOC 1
#define HAVE_ALARM 1
#define HAVE_ATEXIT 1
#define HAVE_ENDPWENT 1
#define HAVE_GETMNTENT 1
#define HAVE_GETPASS 1
#define HAVE_GETTIMEOFDAY 1
#define HAVE_INET_NTOP 1
#define HAVE_MEMSET 1
#define HAVE_REALPATH 1
#define HAVE_SETENV 1
#define HAVE_STRCHR 1
#define HAVE_STRCMP 1
#define HAVE_STRDUP 1
#define HAVE_STRERROR 1
#define HAVE_STRNCASECMP 1
#define HAVE_STRNDUP 1
#define HAVE_STRPBRK 1
#define HAVE_STRRCHR 1
#define HAVE_STRSTR 1
#define HAVE_STRTOL 1
#define HAVE_STRTOUL 1
#define HAVE_TOLOWER 1
#define HAVE_UNAME 1
#define HAVE_CLOCK_GETTIME 1
#define HAVE_CLOCK_GETTIME 1
#define HAVE_ARPA_INET_H 1
#define HAVE_CTYPE_H 1
#define HAVE_FCNTL_H 1
#define HAVE_INTTYPES_H 1
#define HAVE_LIMITS_H 1
#define HAVE_MNTENT_H 1
#define HAVE_NETDB_H 1
#define HAVE_STDDEF_H 1
#define HAVE_STDINT_H 1
#define HAVE_STDBOOL_H 1
#define HAVE_STDLIB_H 1
#define HAVE_STDIO_H 1
#define HAVE_ERRNO_H 1
#define HAVE_STRING_H 1
#define HAVE_STRINGS_H 1
#define HAVE_SYS_MOUNT_H 1
#define HAVE_SYS_PARAM_H 1
#define HAVE_SYS_SOCKET_H 1
#define HAVE_SYS_TIME_H 1
#define HAVE_SYSLOG_H 1
#define HAVE_UNISTD_H 1
#define HAVE_KRB5_H 1
#define HAVE_KRB5_KRB5_H 1
#define HAVE_KEYUTILS_H 1

configure: exit 0

## ---------------------- ##
## Running config.status. ##
## ---------------------- ##

This file was extended by cifs-utils config.status 5.2.1, which was
generated by GNU Autoconf 2.68.  Invocation command line was

  CONFIG_FILES    = 
  CONFIG_HEADERS  = 
  CONFIG_LINKS    = 
  CONFIG_COMMANDS = 
  $ ./config.status 

on afsc-asrcmsf1.asrcfh.local

config.status:948: creating Makefile
config.status:948: creating contrib/Makefile
config.status:948: creating contrib/request-key.d/Makefile
config.status:948: creating config.h
config.status:1129: config.h is unchanged
config.status:1177: executing depfiles commands

## ---------------------- ##
## Running config.status. ##
## ---------------------- ##

This file was extended by cifs-utils config.status 5.2.1, which was
generated by GNU Autoconf 2.68.  Invocation command line was

  CONFIG_FILES    = 
  CONFIG_HEADERS  = 
  CONFIG_LINKS    = 
  CONFIG_COMMANDS = 
  $ ./config.status config.h

on afsc-asrcmsf1.asrcfh.local

config.status:948: creating config.h
config.status:1129: config.h is unchanged

## ---------------------- ##
## Running config.status. ##
## ---------------------- ##

This file was extended by cifs-utils config.status 5.2.1, which was
generated by GNU Autoconf 2.68.  Invocation command line was

  CONFIG_FILES    = 
  CONFIG_HEADERS  = 
  CONFIG_LINKS    = 
  CONFIG_COMMANDS = 
  $ ./config.status contrib/Makefile

on afsc-asrcmsf1.asrcfh.local

config.status:948: creating contrib/Makefile

## ---------------------- ##
## Running config.status. ##
## ---------------------- ##

This file was extended by cifs-utils config.status 5.2.1, which was
generated by GNU Autoconf 2.68.  Invocation command line was

  CONFIG_FILES    = 
  CONFIG_HEADERS  = 
  CONFIG_LINKS    = 
  CONFIG_COMMANDS = 
  $ ./config.status contrib/Makefile

on afsc-asrcmsf1.asrcfh.local

config.status:948: creating contrib/Makefile

## ---------------------- ##
## Running config.status. ##
## ---------------------- ##

This file was extended by cifs-utils config.status 5.2.1, which was
generated by GNU Autoconf 2.68.  Invocation command line was

  CONFIG_FILES    = 
  CONFIG_HEADERS  = 
  CONFIG_LINKS    = 
  CONFIG_COMMANDS = 
  $ ./config.status contrib/Makefile

on afsc-asrcmsf1.asrcfh.local

config.status:948: creating contrib/Makefile

## ---------------------- ##
## Running config.status. ##
## ---------------------- ##

This file was extended by cifs-utils config.status 5.2.1, which was
generated by GNU Autoconf 2.68.  Invocation command line was

  CONFIG_FILES    = 
  CONFIG_HEADERS  = 
  CONFIG_LINKS    = 
  CONFIG_COMMANDS = 
  $ ./config.status contrib/Makefile

on afsc-asrcmsf1.asrcfh.local

config.status:948: creating contrib/Makefile

## ---------------------- ##
## Running config.status. ##
## ---------------------- ##

This file was extended by cifs-utils config.status 5.2.1, which was
generated by GNU Autoconf 2.68.  Invocation command line was

  CONFIG_FILES    = 
  CONFIG_HEADERS  = 
  CONFIG_LINKS    = 
  CONFIG_COMMANDS = 
  $ ./config.status contrib/Makefile

on afsc-asrcmsf1.asrcfh.local

config.status:948: creating contrib/Makefile

## ---------------------- ##
## Running config.status. ##
## ---------------------- ##

This file was extended by cifs-utils config.status 5.2.1, which was
generated by GNU Autoconf 2.68.  Invocation command line was

  CONFIG_FILES    = 
  CONFIG_HEADERS  = 
  CONFIG_LINKS    = 
  CONFIG_COMMANDS = 
  $ ./config.status contrib/Makefile

on afsc-asrcmsf1.asrcfh.local

config.status:948: creating contrib/Makefile

## ---------------------- ##
## Running config.status. ##
## ---------------------- ##

This file was extended by cifs-utils config.status 5.2.1, which was
generated by GNU Autoconf 2.68.  Invocation command line was

  CONFIG_FILES    = 
  CONFIG_HEADERS  = 
  CONFIG_LINKS    = 
  CONFIG_COMMANDS = 
  $ ./config.status contrib/Makefile

on afsc-asrcmsf1.asrcfh.local

config.status:948: creating contrib/Makefile

## ---------------------- ##
## Running config.status. ##
## ---------------------- ##

This file was extended by cifs-utils config.status 5.2.1, which was
generated by GNU Autoconf 2.68.  Invocation command line was

  CONFIG_FILES    = 
  CONFIG_HEADERS  = 
  CONFIG_LINKS    = 
  CONFIG_COMMANDS = 
  $ ./config.status contrib/Makefile

on afsc-asrcmsf1.asrcfh.local

config.status:948: creating contrib/Makefile

## ---------------------- ##
## Running config.status. ##
## ---------------------- ##

This file was extended by cifs-utils config.status 5.2.1, which was
generated by GNU Autoconf 2.68.  Invocation command line was

  CONFIG_FILES    = 
  CONFIG_HEADERS  = 
  CONFIG_LINKS    = 
  CONFIG_COMMANDS = 
  $ ./config.status contrib/Makefile

on afsc-asrcmsf1.asrcfh.local

config.status:948: creating contrib/Makefile

## ---------------------- ##
## Running config.status. ##
## ---------------------- ##

This file was extended by cifs-utils config.status 5.2.1, which was
generated by GNU Autoconf 2.68.  Invocation command line was

  CONFIG_FILES    = 
  CONFIG_HEADERS  = 
  CONFIG_LINKS    = 
  CONFIG_COMMANDS = 
  $ ./config.status contrib/Makefile

on afsc-asrcmsf1.asrcfh.local

config.status:948: creating contrib/Makefile

## ---------------------- ##
## Running config.status. ##
## ---------------------- ##

This file was extended by cifs-utils config.status 5.2.1, which was
generated by GNU Autoconf 2.68.  Invocation command line was

  CONFIG_FILES    = 
  CONFIG_HEADERS  = 
  CONFIG_LINKS    = 
  CONFIG_COMMANDS = 
  $ ./config.status contrib/Makefile

on afsc-asrcmsf1.asrcfh.local

config.status:948: creating contrib/Makefile

## ---------------------- ##
## Running config.status. ##
## ---------------------- ##

This file was extended by cifs-utils config.status 5.2.1, which was
generated by GNU Autoconf 2.68.  Invocation command line was

  CONFIG_FILES    = 
  CONFIG_HEADERS  = 
  CONFIG_LINKS    = 
  CONFIG_COMMANDS = 
  $ ./config.status contrib/Makefile

on afsc-asrcmsf1.asrcfh.local

config.status:948: creating contrib/Makefile

## ---------------------- ##
## Running config.status. ##
## ---------------------- ##

This file was extended by cifs-utils config.status 5.2.1, which was
generated by GNU Autoconf 2.68.  Invocation command line was

  CONFIG_FILES    = 
  CONFIG_HEADERS  = 
  CONFIG_LINKS    = 
  CONFIG_COMMANDS = 
  $ ./config.status contrib/Makefile

on afsc-asrcmsf1.asrcfh.local

config.status:948: creating contrib/Makefile

## ---------------------- ##
## Running config.status. ##
## ---------------------- ##

This file was extended by cifs-utils config.status 5.2.1, which was
generated by GNU Autoconf 2.68.  Invocation command line was

  CONFIG_FILES    = 
  CONFIG_HEADERS  = 
  CONFIG_LINKS    = 
  CONFIG_COMMANDS = 
  $ ./config.status contrib/Makefile

on afsc-asrcmsf1.asrcfh.local

config.status:948: creating contrib/Makefile

## ---------------------- ##
## Running config.status. ##
## ---------------------- ##

This file was extended by cifs-utils config.status 5.2.1, which was
generated by GNU Autoconf 2.68.  Invocation command line was

  CONFIG_FILES    = 
  CONFIG_HEADERS  = 
  CONFIG_LINKS    = 
  CONFIG_COMMANDS = 
  $ ./config.status contrib/Makefile

on afsc-asrcmsf1.asrcfh.local

config.status:948: creating contrib/Makefile

## ---------------------- ##
## Running config.status. ##
## ---------------------- ##

This file was extended by cifs-utils config.status 5.2.1, which was
generated by GNU Autoconf 2.68.  Invocation command line was

  CONFIG_FILES    = 
  CONFIG_HEADERS  = 
  CONFIG_LINKS    = 
  CONFIG_COMMANDS = 
  $ ./config.status contrib/Makefile

on afsc-asrcmsf1.asrcfh.local

config.status:948: creating contrib/Makefile

## ---------------------- ##
## Running config.status. ##
## ---------------------- ##

This file was extended by cifs-utils config.status 5.2.1, which was
generated by GNU Autoconf 2.68.  Invocation command line was

  CONFIG_FILES    = 
  CONFIG_HEADERS  = 
  CONFIG_LINKS    = 
  CONFIG_COMMANDS = 
  $ ./config.status contrib/Makefile

on afsc-asrcmsf1.asrcfh.local

config.status:948: creating contrib/Makefile

## ---------------------- ##
## Running config.status. ##
## ---------------------- ##

This file was extended by cifs-utils config.status 5.2.1, which was
generated by GNU Autoconf 2.68.  Invocation command line was

  CONFIG_FILES    = 
  CONFIG_HEADERS  = 
  CONFIG_LINKS    = 
  CONFIG_COMMANDS = 
  $ ./config.status contrib/Makefile

on afsc-asrcmsf1.asrcfh.local

config.status:948: creating contrib/Makefile

## ---------------------- ##
## Running config.status. ##
## ---------------------- ##

This file was extended by cifs-utils config.status 5.2.1, which was
generated by GNU Autoconf 2.68.  Invocation command line was

  CONFIG_FILES    = 
  CONFIG_HEADERS  = 
  CONFIG_LINKS    = 
  CONFIG_COMMANDS = 
  $ ./config.status contrib/Makefile

on afsc-asrcmsf1.asrcfh.local

config.status:948: creating contrib/Makefile

## ---------------------- ##
## Running config.status. ##
## ---------------------- ##

This file was extended by cifs-utils config.status 5.2.1, which was
generated by GNU Autoconf 2.68.  Invocation command line was

  CONFIG_FILES    = 
  CONFIG_HEADERS  = 
  CONFIG_LINKS    = 
  CONFIG_COMMANDS = 
  $ ./config.status contrib/Makefile

on afsc-asrcmsf1.asrcfh.local

config.status:948: creating contrib/Makefile

## ---------------------- ##
## Running config.status. ##
## ---------------------- ##

This file was extended by cifs-utils config.status 5.2.1, which was
generated by GNU Autoconf 2.68.  Invocation command line was

  CONFIG_FILES    = 
  CONFIG_HEADERS  = 
  CONFIG_LINKS    = 
  CONFIG_COMMANDS = 
  $ ./config.status contrib/Makefile

on afsc-asrcmsf1.asrcfh.local

config.status:948: creating contrib/Makefile

## ---------------------- ##
## Running config.status. ##
## ---------------------- ##

This file was extended by cifs-utils config.status 5.2.1, which was
generated by GNU Autoconf 2.68.  Invocation command line was

  CONFIG_FILES    = 
  CONFIG_HEADERS  = 
  CONFIG_LINKS    = 
  CONFIG_COMMANDS = 
  $ ./config.status contrib/Makefile

on afsc-asrcmsf1.asrcfh.local

config.status:948: creating contrib/Makefile

## ---------------------- ##
## Running config.status. ##
## ---------------------- ##

This file was extended by cifs-utils config.status 5.2.1, which was
generated by GNU Autoconf 2.68.  Invocation command line was

  CONFIG_FILES    = 
  CONFIG_HEADERS  = 
  CONFIG_LINKS    = 
  CONFIG_COMMANDS = 
  $ ./config.status contrib/Makefile

on afsc-asrcmsf1.asrcfh.local

config.status:948: creating contrib/Makefile

## ---------------------- ##
## Running config.status. ##
## ---------------------- ##

This file was extended by cifs-utils config.status 5.2.1, which was
generated by GNU Autoconf 2.68.  Invocation command line was

  CONFIG_FILES    = 
  CONFIG_HEADERS  = 
  CONFIG_LINKS    = 
  CONFIG_COMMANDS = 
  $ ./config.status contrib/Makefile

on afsc-asrcmsf1.asrcfh.local

config.status:948: creating contrib/Makefile

## ---------------------- ##
## Running config.status. ##
## ---------------------- ##

This file was extended by cifs-utils config.status 5.2.1, which was
generated by GNU Autoconf 2.68.  Invocation command line was

  CONFIG_FILES    = 
  CONFIG_HEADERS  = 
  CONFIG_LINKS    = 
  CONFIG_COMMANDS = 
  $ ./config.status contrib/request-key.d/Makefile

on afsc-asrcmsf1.asrcfh.local

config.status:948: creating contrib/request-key.d/Makefile

## ---------------------- ##
## Running config.status. ##
## ---------------------- ##

This file was extended by cifs-utils config.status 5.2.1, which was
generated by GNU Autoconf 2.68.  Invocation command line was

  CONFIG_FILES    = 
  CONFIG_HEADERS  = 
  CONFIG_LINKS    = 
  CONFIG_COMMANDS = 
  $ ./config.status contrib/request-key.d/Makefile

on afsc-asrcmsf1.asrcfh.local

config.status:948: creating contrib/request-key.d/Makefile

## ---------------------- ##
## Running config.status. ##
## ---------------------- ##

This file was extended by cifs-utils config.status 5.2.1, which was
generated by GNU Autoconf 2.68.  Invocation command line was

  CONFIG_FILES    = 
  CONFIG_HEADERS  = 
  CONFIG_LINKS    = 
  CONFIG_COMMANDS = 
  $ ./config.status contrib/request-key.d/Makefile

on afsc-asrcmsf1.asrcfh.local

config.status:948: creating contrib/request-key.d/Makefile
